Using cuda:1 device
Dataset       :Reddit
Conden size   :77
Ridge         :0.001
Epochs        :500
Learn A       :0
Norm          :0
Aggr (K)      :2
L             :1
LR X          :0.005
LR A          :0.005
Batches       :20
Kernel        :SNTK
The  1-th iteration
---------------------------------------------
Epoch 1 Test Acc: 3.7754%, Test loss: 0.038593
Epoch 2 Test Acc: 10.0156%, Test loss: 0.036122
Epoch 3 Test Acc: 13.4643%, Test loss: 0.033965
Epoch 4 Test Acc: 13.3925%, Test loss: 0.034895
Epoch 5 Test Acc: 14.6168%, Test loss: 0.034717
Epoch 6 Test Acc: 16.8178%, Test loss: 0.033299
Epoch 7 Test Acc: 18.2252%, Test loss: 0.031868
Epoch 8 Test Acc: 21.1138%, Test loss: 0.032110
Epoch 9 Test Acc: 21.5949%, Test loss: 0.031679
Epoch 10 Test Acc: 22.5625%, Test loss: 0.030867
Epoch 11 Test Acc: 22.8228%, Test loss: 0.030618
Epoch 12 Test Acc: 22.3543%, Test loss: 0.031336
Epoch 13 Test Acc: 21.4297%, Test loss: 0.030967
Epoch 14 Test Acc: 23.7653%, Test loss: 0.029750
Epoch 15 Test Acc: 24.4924%, Test loss: 0.029403
Epoch 16 Test Acc: 26.0166%, Test loss: 0.029154
Epoch 17 Test Acc: 24.4547%, Test loss: 0.030536
Epoch 18 Test Acc: 26.4079%, Test loss: 0.030022
Epoch 19 Test Acc: 26.0776%, Test loss: 0.029945
Epoch 20 Test Acc: 24.6001%, Test loss: 0.030702
Epoch 21 Test Acc: 26.3271%, Test loss: 0.028800
Epoch 22 Test Acc: 26.8657%, Test loss: 0.029554
Epoch 23 Test Acc: 26.5067%, Test loss: 0.029507
Epoch 24 Test Acc: 26.4438%, Test loss: 0.029884
Epoch 25 Test Acc: 25.9609%, Test loss: 0.030705
Epoch 26 Test Acc: 26.2122%, Test loss: 0.030003
Epoch 27 Test Acc: 25.8281%, Test loss: 0.029833
Epoch 28 Test Acc: 25.7150%, Test loss: 0.030532
Epoch 29 Test Acc: 25.8101%, Test loss: 0.029510
Epoch 30 Test Acc: 24.3111%, Test loss: 0.030253
Epoch 31 Test Acc: 26.1727%, Test loss: 0.029776
Epoch 32 Test Acc: 26.9106%, Test loss: 0.029383
Epoch 33 Test Acc: 26.4905%, Test loss: 0.030265
Epoch 34 Test Acc: 27.1924%, Test loss: 0.028915
Epoch 35 Test Acc: 27.6466%, Test loss: 0.028868
Epoch 36 Test Acc: 29.7219%, Test loss: 0.028810
Epoch 37 Test Acc: 29.3521%, Test loss: 0.029118
Epoch 38 Test Acc: 28.8333%, Test loss: 0.029344
Epoch 39 Test Acc: 30.1079%, Test loss: 0.028110
Epoch 40 Test Acc: 29.4329%, Test loss: 0.028265
Epoch 41 Test Acc: 30.1169%, Test loss: 0.029317
Epoch 42 Test Acc: 31.8744%, Test loss: 0.028280
Epoch 43 Test Acc: 31.9319%, Test loss: 0.027578
Epoch 44 Test Acc: 33.0341%, Test loss: 0.026838
Epoch 45 Test Acc: 30.9786%, Test loss: 0.028445
Epoch 46 Test Acc: 33.2298%, Test loss: 0.026552
Epoch 47 Test Acc: 33.5296%, Test loss: 0.026995
Epoch 48 Test Acc: 37.3606%, Test loss: 0.024454
Epoch 49 Test Acc: 35.0879%, Test loss: 0.026240
Epoch 50 Test Acc: 39.6442%, Test loss: 0.024291
Epoch 51 Test Acc: 39.6047%, Test loss: 0.025418
Epoch 52 Test Acc: 40.9619%, Test loss: 0.024352
Epoch 53 Test Acc: 40.7447%, Test loss: 0.024820
Epoch 54 Test Acc: 39.6693%, Test loss: 0.025347
Epoch 55 Test Acc: 41.0660%, Test loss: 0.024398
Epoch 56 Test Acc: 40.2923%, Test loss: 0.024853
Epoch 57 Test Acc: 40.8165%, Test loss: 0.024635
Epoch 58 Test Acc: 40.9762%, Test loss: 0.024276
Epoch 59 Test Acc: 46.5971%, Test loss: 0.021097
Epoch 60 Test Acc: 47.2039%, Test loss: 0.020544
Epoch 61 Test Acc: 47.4750%, Test loss: 0.020881
Epoch 62 Test Acc: 47.0136%, Test loss: 0.021821
Epoch 63 Test Acc: 46.3207%, Test loss: 0.022029
Epoch 64 Test Acc: 46.5487%, Test loss: 0.021140
Epoch 65 Test Acc: 47.8628%, Test loss: 0.020829
Epoch 66 Test Acc: 50.1373%, Test loss: 0.020660
Epoch 67 Test Acc: 51.3276%, Test loss: 0.020060
Epoch 68 Test Acc: 50.9201%, Test loss: 0.020219
Epoch 69 Test Acc: 51.8464%, Test loss: 0.019064
Epoch 70 Test Acc: 52.0475%, Test loss: 0.019643
Epoch 71 Test Acc: 51.7118%, Test loss: 0.019672
Epoch 72 Test Acc: 51.5933%, Test loss: 0.020687
Epoch 73 Test Acc: 51.5969%, Test loss: 0.020688
Epoch 74 Test Acc: 51.6310%, Test loss: 0.020793
Epoch 75 Test Acc: 51.7638%, Test loss: 0.020575
Epoch 76 Test Acc: 51.9128%, Test loss: 0.020708
Epoch 77 Test Acc: 51.6884%, Test loss: 0.020933
Epoch 78 Test Acc: 52.0439%, Test loss: 0.019982
Epoch 79 Test Acc: 51.8320%, Test loss: 0.020406
Epoch 80 Test Acc: 51.6741%, Test loss: 0.020108
Epoch 81 Test Acc: 51.9200%, Test loss: 0.020671
Epoch 82 Test Acc: 52.2521%, Test loss: 0.019706
Epoch 83 Test Acc: 51.2558%, Test loss: 0.020075
Epoch 84 Test Acc: 51.9523%, Test loss: 0.020566
Epoch 85 Test Acc: 51.4874%, Test loss: 0.019960
Epoch 86 Test Acc: 52.0672%, Test loss: 0.019857
Epoch 87 Test Acc: 51.7243%, Test loss: 0.020179
Epoch 88 Test Acc: 52.0134%, Test loss: 0.020115
Epoch 89 Test Acc: 51.7602%, Test loss: 0.020113
Epoch 90 Test Acc: 51.8392%, Test loss: 0.020297
Epoch 91 Test Acc: 51.9021%, Test loss: 0.020177
Epoch 92 Test Acc: 51.8033%, Test loss: 0.019826
Epoch 93 Test Acc: 52.1318%, Test loss: 0.020152
Epoch 94 Test Acc: 51.8338%, Test loss: 0.020069
Epoch 95 Test Acc: 51.6974%, Test loss: 0.020113
Epoch 96 Test Acc: 51.3689%, Test loss: 0.020711
Epoch 97 Test Acc: 51.8123%, Test loss: 0.020446
Epoch 98 Test Acc: 52.0475%, Test loss: 0.019835
Epoch 99 Test Acc: 51.1265%, Test loss: 0.020814
Epoch 100 Test Acc: 52.2629%, Test loss: 0.019300
Epoch 101 Test Acc: 51.0403%, Test loss: 0.019725
Epoch 102 Test Acc: 52.3814%, Test loss: 0.018825
Epoch 103 Test Acc: 50.8770%, Test loss: 0.020051
Epoch 104 Test Acc: 52.6650%, Test loss: 0.019621
Epoch 105 Test Acc: 51.9505%, Test loss: 0.020437
Epoch 106 Test Acc: 52.3419%, Test loss: 0.020291
Epoch 107 Test Acc: 52.2593%, Test loss: 0.020387
Epoch 108 Test Acc: 52.3742%, Test loss: 0.020026
Epoch 109 Test Acc: 52.6237%, Test loss: 0.020091
Epoch 110 Test Acc: 52.0475%, Test loss: 0.020696
Epoch 111 Test Acc: 52.3185%, Test loss: 0.019883
Epoch 112 Test Acc: 52.5663%, Test loss: 0.019451
Epoch 113 Test Acc: 65.7846%, Test loss: 0.014032
Epoch 114 Test Acc: 64.7523%, Test loss: 0.014649
Epoch 115 Test Acc: 63.9445%, Test loss: 0.014937
Epoch 116 Test Acc: 64.2102%, Test loss: 0.015079
Epoch 117 Test Acc: 66.4614%, Test loss: 0.013987
Epoch 118 Test Acc: 65.2245%, Test loss: 0.014391
Epoch 119 Test Acc: 66.5404%, Test loss: 0.013936
Epoch 120 Test Acc: 66.6517%, Test loss: 0.014022
Epoch 121 Test Acc: 65.6518%, Test loss: 0.014218
Epoch 122 Test Acc: 66.0431%, Test loss: 0.014266
Epoch 123 Test Acc: 66.5063%, Test loss: 0.013988
Epoch 124 Test Acc: 66.7038%, Test loss: 0.013917
Epoch 125 Test Acc: 66.4435%, Test loss: 0.014216
Epoch 126 Test Acc: 66.4865%, Test loss: 0.014167
Epoch 127 Test Acc: 65.8959%, Test loss: 0.014597
Epoch 128 Test Acc: 66.6320%, Test loss: 0.013967
Epoch 129 Test Acc: 66.2819%, Test loss: 0.014027
Epoch 130 Test Acc: 64.7739%, Test loss: 0.014971
Epoch 131 Test Acc: 66.8474%, Test loss: 0.013827
Epoch 132 Test Acc: 66.2280%, Test loss: 0.014233
Epoch 133 Test Acc: 66.9856%, Test loss: 0.013561
Epoch 134 Test Acc: 67.1167%, Test loss: 0.013907
Epoch 135 Test Acc: 66.6930%, Test loss: 0.013993
Epoch 136 Test Acc: 67.3052%, Test loss: 0.013301
Epoch 137 Test Acc: 67.2711%, Test loss: 0.013739
Epoch 138 Test Acc: 67.3357%, Test loss: 0.013697
Epoch 139 Test Acc: 67.3106%, Test loss: 0.013747
Epoch 140 Test Acc: 67.2262%, Test loss: 0.013864
Epoch 141 Test Acc: 67.2513%, Test loss: 0.013850
Epoch 142 Test Acc: 67.3195%, Test loss: 0.013838
Epoch 143 Test Acc: 66.9012%, Test loss: 0.013972
Epoch 144 Test Acc: 67.2082%, Test loss: 0.013774
Epoch 145 Test Acc: 67.1364%, Test loss: 0.013844
Epoch 146 Test Acc: 68.0502%, Test loss: 0.013683
Epoch 147 Test Acc: 68.1830%, Test loss: 0.013409
Epoch 148 Test Acc: 68.3715%, Test loss: 0.013361
Epoch 149 Test Acc: 68.1507%, Test loss: 0.013567
Epoch 150 Test Acc: 67.9622%, Test loss: 0.013562
Epoch 151 Test Acc: 67.5996%, Test loss: 0.013886
Epoch 152 Test Acc: 67.9838%, Test loss: 0.013774
Epoch 153 Test Acc: 68.5008%, Test loss: 0.013679
Epoch 154 Test Acc: 68.8419%, Test loss: 0.013241
Epoch 155 Test Acc: 68.0879%, Test loss: 0.013621
Epoch 156 Test Acc: 68.0287%, Test loss: 0.013589
Epoch 157 Test Acc: 67.8491%, Test loss: 0.013752
Epoch 158 Test Acc: 68.7575%, Test loss: 0.013284
Epoch 159 Test Acc: 69.0771%, Test loss: 0.013301
Epoch 160 Test Acc: 68.8993%, Test loss: 0.013384
Epoch 161 Test Acc: 68.7019%, Test loss: 0.013445
Epoch 162 Test Acc: 68.6354%, Test loss: 0.013164
Epoch 163 Test Acc: 73.7249%, Test loss: 0.011096
Epoch 164 Test Acc: 74.7195%, Test loss: 0.010828
Epoch 165 Test Acc: 74.8847%, Test loss: 0.010651
Epoch 166 Test Acc: 75.1252%, Test loss: 0.010776
Epoch 167 Test Acc: 76.5937%, Test loss: 0.010082
Epoch 168 Test Acc: 76.8217%, Test loss: 0.009940
Epoch 169 Test Acc: 75.3963%, Test loss: 0.010460
Epoch 170 Test Acc: 77.0353%, Test loss: 0.009854
Epoch 171 Test Acc: 75.3891%, Test loss: 0.010397
Epoch 172 Test Acc: 77.1502%, Test loss: 0.009779
Epoch 173 Test Acc: 75.4107%, Test loss: 0.010528
Epoch 174 Test Acc: 77.3028%, Test loss: 0.009751
Epoch 175 Test Acc: 77.4123%, Test loss: 0.009756
Epoch 176 Test Acc: 77.4824%, Test loss: 0.009650
Epoch 177 Test Acc: 77.3352%, Test loss: 0.009728
Epoch 178 Test Acc: 77.5560%, Test loss: 0.009599
Epoch 179 Test Acc: 77.5183%, Test loss: 0.009695
Epoch 180 Test Acc: 77.0425%, Test loss: 0.009905
Epoch 181 Test Acc: 77.6278%, Test loss: 0.009666
Epoch 182 Test Acc: 76.1000%, Test loss: 0.010398
Epoch 183 Test Acc: 77.6008%, Test loss: 0.009708
Epoch 184 Test Acc: 76.2831%, Test loss: 0.010355
Epoch 185 Test Acc: 78.2364%, Test loss: 0.009425
Epoch 186 Test Acc: 76.8504%, Test loss: 0.009962
Epoch 187 Test Acc: 77.5326%, Test loss: 0.009662
Epoch 188 Test Acc: 77.8288%, Test loss: 0.009476
Epoch 189 Test Acc: 77.1395%, Test loss: 0.009869
Epoch 190 Test Acc: 78.3028%, Test loss: 0.009320
Epoch 191 Test Acc: 77.8199%, Test loss: 0.009524
Epoch 192 Test Acc: 77.4644%, Test loss: 0.009658
Epoch 193 Test Acc: 77.1305%, Test loss: 0.009907
Epoch 194 Test Acc: 77.6780%, Test loss: 0.009519
Epoch 195 Test Acc: 76.6727%, Test loss: 0.010094
Epoch 196 Test Acc: 77.8719%, Test loss: 0.009446
Epoch 197 Test Acc: 77.6762%, Test loss: 0.009481
Epoch 198 Test Acc: 76.9276%, Test loss: 0.009787
Epoch 199 Test Acc: 77.7445%, Test loss: 0.009489
Epoch 200 Test Acc: 78.0335%, Test loss: 0.009397
Epoch 201 Test Acc: 77.9689%, Test loss: 0.009352
Epoch 202 Test Acc: 78.0694%, Test loss: 0.009351
Epoch 203 Test Acc: 77.7822%, Test loss: 0.009588
Epoch 204 Test Acc: 77.9814%, Test loss: 0.009500
Epoch 205 Test Acc: 77.7804%, Test loss: 0.009618
Epoch 206 Test Acc: 77.5775%, Test loss: 0.009676
Epoch 207 Test Acc: 77.5434%, Test loss: 0.009719
Epoch 208 Test Acc: 77.7876%, Test loss: 0.009495
Epoch 209 Test Acc: 77.7104%, Test loss: 0.009620
Epoch 210 Test Acc: 76.8343%, Test loss: 0.010046
Epoch 211 Test Acc: 77.5129%, Test loss: 0.009751
Epoch 212 Test Acc: 77.5326%, Test loss: 0.009653
Epoch 213 Test Acc: 77.5201%, Test loss: 0.009709
Epoch 214 Test Acc: 77.9545%, Test loss: 0.009495
Epoch 215 Test Acc: 77.3208%, Test loss: 0.009839
Epoch 216 Test Acc: 76.1844%, Test loss: 0.010434
Epoch 217 Test Acc: 77.7481%, Test loss: 0.009756
Epoch 218 Test Acc: 77.1484%, Test loss: 0.009939
Epoch 219 Test Acc: 76.9133%, Test loss: 0.010120
Epoch 220 Test Acc: 76.9222%, Test loss: 0.009924
Epoch 221 Test Acc: 76.7643%, Test loss: 0.010098
Epoch 222 Test Acc: 77.7911%, Test loss: 0.009579
Epoch 223 Test Acc: 77.9761%, Test loss: 0.009535
Epoch 224 Test Acc: 78.0550%, Test loss: 0.009473
Epoch 225 Test Acc: 77.5237%, Test loss: 0.009575
Epoch 226 Test Acc: 77.7499%, Test loss: 0.009612
Epoch 227 Test Acc: 77.1413%, Test loss: 0.009768
Epoch 228 Test Acc: 77.7122%, Test loss: 0.009636
Epoch 229 Test Acc: 77.0910%, Test loss: 0.009882
Epoch 230 Test Acc: 76.8558%, Test loss: 0.010033
Epoch 231 Test Acc: 77.8235%, Test loss: 0.009658
Epoch 232 Test Acc: 77.4500%, Test loss: 0.009807
Epoch 233 Test Acc: 78.0353%, Test loss: 0.009537
Epoch 234 Test Acc: 76.7230%, Test loss: 0.010090
Epoch 235 Test Acc: 77.4088%, Test loss: 0.009810
Epoch 236 Test Acc: 76.1916%, Test loss: 0.010583
Epoch 237 Test Acc: 78.0981%, Test loss: 0.009543
Epoch 238 Test Acc: 77.2885%, Test loss: 0.009942
Epoch 239 Test Acc: 78.1789%, Test loss: 0.009546
Epoch 240 Test Acc: 77.1538%, Test loss: 0.010076
Epoch 241 Test Acc: 78.6870%, Test loss: 0.009373
Epoch 242 Test Acc: 78.2633%, Test loss: 0.009431
Epoch 243 Test Acc: 77.6475%, Test loss: 0.009746
Epoch 244 Test Acc: 77.9060%, Test loss: 0.009629
Epoch 245 Test Acc: 77.9904%, Test loss: 0.009469
Epoch 246 Test Acc: 78.1879%, Test loss: 0.009458
Epoch 247 Test Acc: 76.4824%, Test loss: 0.010473
Epoch 248 Test Acc: 77.6188%, Test loss: 0.009960
Epoch 249 Test Acc: 78.3746%, Test loss: 0.009568
Epoch 250 Test Acc: 77.5039%, Test loss: 0.009993
Epoch 251 Test Acc: 78.2848%, Test loss: 0.009434
Epoch 252 Test Acc: 77.7427%, Test loss: 0.009663
Epoch 253 Test Acc: 77.9096%, Test loss: 0.009675
Epoch 254 Test Acc: 78.0497%, Test loss: 0.009603
Epoch 255 Test Acc: 77.9078%, Test loss: 0.009528
Epoch 256 Test Acc: 78.1951%, Test loss: 0.009463
Epoch 257 Test Acc: 78.3171%, Test loss: 0.009339
Epoch 258 Test Acc: 77.9258%, Test loss: 0.009493
Epoch 259 Test Acc: 77.8719%, Test loss: 0.009554
Epoch 260 Test Acc: 77.9240%, Test loss: 0.009695
Epoch 261 Test Acc: 76.6368%, Test loss: 0.010226
Epoch 262 Test Acc: 77.7499%, Test loss: 0.009680
Epoch 263 Test Acc: 77.8845%, Test loss: 0.009625
Epoch 264 Test Acc: 78.4482%, Test loss: 0.009398
Epoch 265 Test Acc: 78.1825%, Test loss: 0.009629
Epoch 266 Test Acc: 78.0120%, Test loss: 0.009501
Epoch 267 Test Acc: 78.2687%, Test loss: 0.009490
Epoch 268 Test Acc: 77.4716%, Test loss: 0.009827
Epoch 269 Test Acc: 78.1143%, Test loss: 0.009345
Epoch 270 Test Acc: 77.1987%, Test loss: 0.009999
Epoch 271 Test Acc: 77.9491%, Test loss: 0.009608
Epoch 272 Test Acc: 77.1556%, Test loss: 0.010087
Epoch 273 Test Acc: 77.7858%, Test loss: 0.009648
Epoch 274 Test Acc: 77.9653%, Test loss: 0.009510
Epoch 275 Test Acc: 77.8971%, Test loss: 0.009473
Epoch 276 Test Acc: 77.6673%, Test loss: 0.009740
Epoch 277 Test Acc: 78.3046%, Test loss: 0.009498
Epoch 278 Test Acc: 76.9115%, Test loss: 0.010117
Epoch 279 Test Acc: 78.6367%, Test loss: 0.009255
Epoch 280 Test Acc: 77.2077%, Test loss: 0.010027
Epoch 281 Test Acc: 78.5236%, Test loss: 0.009237
Epoch 282 Test Acc: 78.3100%, Test loss: 0.009513
Epoch 283 Test Acc: 77.5165%, Test loss: 0.009867
Epoch 284 Test Acc: 78.2525%, Test loss: 0.009427
Epoch 285 Test Acc: 77.2256%, Test loss: 0.009917
Epoch 286 Test Acc: 77.2849%, Test loss: 0.010060
Epoch 287 Test Acc: 77.5560%, Test loss: 0.009899
Epoch 288 Test Acc: 77.4088%, Test loss: 0.009822
Epoch 289 Test Acc: 77.8719%, Test loss: 0.009703
Epoch 290 Test Acc: 77.8109%, Test loss: 0.009606
Epoch 291 Test Acc: 78.4536%, Test loss: 0.009352
Epoch 292 Test Acc: 77.3136%, Test loss: 0.010021
Epoch 293 Test Acc: 78.0838%, Test loss: 0.009517
Epoch 294 Test Acc: 78.1915%, Test loss: 0.009451
Epoch 295 Test Acc: 78.2938%, Test loss: 0.009491
Epoch 296 Test Acc: 77.5937%, Test loss: 0.009828
Epoch 297 Test Acc: 78.8072%, Test loss: 0.009219
Epoch 298 Test Acc: 76.7068%, Test loss: 0.010280
Epoch 299 Test Acc: 78.3872%, Test loss: 0.009434
Epoch 300 Test Acc: 76.6458%, Test loss: 0.010367
Epoch 301 Test Acc: 78.4608%, Test loss: 0.009350
Epoch 302 Test Acc: 77.9653%, Test loss: 0.009549
Epoch 303 Test Acc: 77.9563%, Test loss: 0.009564
Epoch 304 Test Acc: 78.3369%, Test loss: 0.009364
Epoch 305 Test Acc: 77.7265%, Test loss: 0.009552
Epoch 306 Test Acc: 78.8647%, Test loss: 0.009178
Epoch 307 Test Acc: 78.0802%, Test loss: 0.009556
Epoch 308 Test Acc: 77.9186%, Test loss: 0.009623
Epoch 309 Test Acc: 78.0479%, Test loss: 0.009481
Epoch 310 Test Acc: 77.7481%, Test loss: 0.009705
Epoch 311 Test Acc: 78.1179%, Test loss: 0.009587
Epoch 312 Test Acc: 77.9150%, Test loss: 0.009576
Epoch 313 Test Acc: 78.2938%, Test loss: 0.009436
Epoch 314 Test Acc: 77.9240%, Test loss: 0.009751
Epoch 315 Test Acc: 77.3369%, Test loss: 0.010008
Epoch 316 Test Acc: 77.7319%, Test loss: 0.009707
Epoch 317 Test Acc: 78.1915%, Test loss: 0.009427
Epoch 318 Test Acc: 77.8665%, Test loss: 0.009678
Epoch 319 Test Acc: 77.0569%, Test loss: 0.009965
Epoch 320 Test Acc: 77.1431%, Test loss: 0.010056
Epoch 321 Test Acc: 77.5793%, Test loss: 0.009700
Epoch 322 Test Acc: 77.0048%, Test loss: 0.009924
Epoch 323 Test Acc: 77.8845%, Test loss: 0.009668
Epoch 324 Test Acc: 76.4016%, Test loss: 0.010344
Epoch 325 Test Acc: 77.2939%, Test loss: 0.009814
Epoch 326 Test Acc: 77.6924%, Test loss: 0.009851
Epoch 327 Test Acc: 77.0569%, Test loss: 0.010167
Epoch 328 Test Acc: 76.4178%, Test loss: 0.010429
Epoch 329 Test Acc: 76.0246%, Test loss: 0.010439
Epoch 330 Test Acc: 76.5704%, Test loss: 0.010391
Epoch 331 Test Acc: 78.5092%, Test loss: 0.009341
Epoch 332 Test Acc: 77.7391%, Test loss: 0.009681
Epoch 333 Test Acc: 78.0407%, Test loss: 0.009428
Epoch 334 Test Acc: 76.7966%, Test loss: 0.010052
Epoch 335 Test Acc: 77.7014%, Test loss: 0.009633
Epoch 336 Test Acc: 77.8432%, Test loss: 0.009547
Epoch 337 Test Acc: 77.9186%, Test loss: 0.009464
Epoch 338 Test Acc: 77.9850%, Test loss: 0.009494
Epoch 339 Test Acc: 78.3369%, Test loss: 0.009340
Epoch 340 Test Acc: 78.0371%, Test loss: 0.009467
Epoch 341 Test Acc: 78.7588%, Test loss: 0.009181
Epoch 342 Test Acc: 78.3387%, Test loss: 0.009349
Epoch 343 Test Acc: 78.4482%, Test loss: 0.009261
Epoch 344 Test Acc: 78.3620%, Test loss: 0.009280
Epoch 345 Test Acc: 77.9922%, Test loss: 0.009435
Epoch 346 Test Acc: 78.0281%, Test loss: 0.009556
Epoch 347 Test Acc: 77.8576%, Test loss: 0.009488
Epoch 348 Test Acc: 77.9886%, Test loss: 0.009595
Epoch 349 Test Acc: 77.8683%, Test loss: 0.009454
Epoch 350 Test Acc: 78.2058%, Test loss: 0.009513
Epoch 351 Test Acc: 76.7284%, Test loss: 0.010196
Epoch 352 Test Acc: 78.6295%, Test loss: 0.009470
Epoch 353 Test Acc: 77.8109%, Test loss: 0.009873
Epoch 354 Test Acc: 77.9940%, Test loss: 0.009684
Epoch 355 Test Acc: 77.3531%, Test loss: 0.009846
Epoch 356 Test Acc: 77.0910%, Test loss: 0.010001
Epoch 357 Test Acc: 78.3548%, Test loss: 0.009365
Epoch 358 Test Acc: 77.8450%, Test loss: 0.009645
Epoch 359 Test Acc: 77.6924%, Test loss: 0.009689
Epoch 360 Test Acc: 78.3423%, Test loss: 0.009475
Epoch 361 Test Acc: 77.6350%, Test loss: 0.009743
Epoch 362 Test Acc: 77.3316%, Test loss: 0.009948
Epoch 363 Test Acc: 77.2095%, Test loss: 0.009938
Epoch 364 Test Acc: 77.2418%, Test loss: 0.009787
Epoch 365 Test Acc: 77.3621%, Test loss: 0.009839
Epoch 366 Test Acc: 77.4411%, Test loss: 0.009716
Epoch 367 Test Acc: 77.0066%, Test loss: 0.009908
Epoch 368 Test Acc: 78.4949%, Test loss: 0.009076
Epoch 369 Test Acc: 78.6600%, Test loss: 0.009118
Epoch 370 Test Acc: 77.3352%, Test loss: 0.009984
Epoch 371 Test Acc: 78.2471%, Test loss: 0.009395
Epoch 372 Test Acc: 76.6296%, Test loss: 0.010379
Epoch 373 Test Acc: 77.7373%, Test loss: 0.009672
Epoch 374 Test Acc: 77.6152%, Test loss: 0.009677
Epoch 375 Test Acc: 77.7552%, Test loss: 0.009530
Epoch 376 Test Acc: 76.9851%, Test loss: 0.009992
Epoch 377 Test Acc: 77.5093%, Test loss: 0.009580
Epoch 378 Test Acc: 76.6709%, Test loss: 0.009835
Epoch 379 Test Acc: 77.6296%, Test loss: 0.009494
Epoch 380 Test Acc: 77.3423%, Test loss: 0.009677
Epoch 381 Test Acc: 77.0048%, Test loss: 0.009696
Epoch 382 Test Acc: 76.3280%, Test loss: 0.010150
Epoch 383 Test Acc: 76.8289%, Test loss: 0.009856
Epoch 384 Test Acc: 76.7320%, Test loss: 0.009831
Epoch 385 Test Acc: 77.1897%, Test loss: 0.009740
Epoch 386 Test Acc: 77.3926%, Test loss: 0.009592
Epoch 387 Test Acc: 77.3764%, Test loss: 0.009678
Epoch 388 Test Acc: 77.0713%, Test loss: 0.009770
Epoch 389 Test Acc: 76.7320%, Test loss: 0.009902
Epoch 390 Test Acc: 77.4285%, Test loss: 0.009621
Epoch 391 Test Acc: 76.6476%, Test loss: 0.010018
Epoch 392 Test Acc: 77.9940%, Test loss: 0.009458
Epoch 393 Test Acc: 76.6601%, Test loss: 0.010008
Epoch 394 Test Acc: 77.4626%, Test loss: 0.009772
Epoch 395 Test Acc: 77.9060%, Test loss: 0.009537
Epoch 396 Test Acc: 77.3262%, Test loss: 0.009801
Epoch 397 Test Acc: 78.0838%, Test loss: 0.009526
Epoch 398 Test Acc: 78.0048%, Test loss: 0.009499
Epoch 399 Test Acc: 77.3334%, Test loss: 0.009900
Epoch 400 Test Acc: 78.0748%, Test loss: 0.009499
Epoch 401 Test Acc: 77.8396%, Test loss: 0.009623
Epoch 402 Test Acc: 77.9886%, Test loss: 0.009527
Epoch 403 Test Acc: 78.1825%, Test loss: 0.009518
Epoch 404 Test Acc: 77.7858%, Test loss: 0.009617
Epoch 405 Test Acc: 76.8504%, Test loss: 0.010171
Epoch 406 Test Acc: 78.3656%, Test loss: 0.009310
Epoch 407 Test Acc: 78.3890%, Test loss: 0.009354
Epoch 408 Test Acc: 77.8342%, Test loss: 0.009520
Epoch 409 Test Acc: 77.7660%, Test loss: 0.009583
Epoch 410 Test Acc: 77.3800%, Test loss: 0.009843
Epoch 411 Test Acc: 77.1197%, Test loss: 0.009907
Epoch 412 Test Acc: 78.0443%, Test loss: 0.009443
Epoch 413 Test Acc: 77.4860%, Test loss: 0.009853
Epoch 414 Test Acc: 77.7409%, Test loss: 0.009766
Epoch 415 Test Acc: 77.3531%, Test loss: 0.009821
Epoch 416 Test Acc: 76.5435%, Test loss: 0.010222
Epoch 417 Test Acc: 76.8971%, Test loss: 0.009972
Epoch 418 Test Acc: 77.7570%, Test loss: 0.009652
Epoch 419 Test Acc: 78.4823%, Test loss: 0.009262
Epoch 420 Test Acc: 77.3208%, Test loss: 0.009953
Epoch 421 Test Acc: 78.1610%, Test loss: 0.009417
Epoch 422 Test Acc: 77.7319%, Test loss: 0.009556
Epoch 423 Test Acc: 76.5237%, Test loss: 0.010282
Epoch 424 Test Acc: 77.1915%, Test loss: 0.009815
Epoch 425 Test Acc: 78.4913%, Test loss: 0.009279
Epoch 426 Test Acc: 77.5308%, Test loss: 0.009643
Epoch 427 Test Acc: 77.2759%, Test loss: 0.009714
Epoch 428 Test Acc: 76.8199%, Test loss: 0.009987
Epoch 429 Test Acc: 76.0174%, Test loss: 0.010613
Epoch 430 Test Acc: 78.0820%, Test loss: 0.009449
Epoch 431 Test Acc: 77.5542%, Test loss: 0.009523
Epoch 432 Test Acc: 77.2921%, Test loss: 0.009700
Epoch 433 Test Acc: 77.5039%, Test loss: 0.009589
Epoch 434 Test Acc: 77.8091%, Test loss: 0.009435
Epoch 435 Test Acc: 76.5040%, Test loss: 0.010217
Epoch 436 Test Acc: 77.8360%, Test loss: 0.009701
Epoch 437 Test Acc: 78.4536%, Test loss: 0.009224
Epoch 438 Test Acc: 78.1915%, Test loss: 0.009491
Epoch 439 Test Acc: 78.6977%, Test loss: 0.009300
Epoch 440 Test Acc: 76.7750%, Test loss: 0.010177
Epoch 441 Test Acc: 78.0550%, Test loss: 0.009388
Epoch 442 Test Acc: 77.6762%, Test loss: 0.009678
Epoch 443 Test Acc: 78.7893%, Test loss: 0.009053
Epoch 444 Test Acc: 77.6547%, Test loss: 0.009663
Epoch 445 Test Acc: 77.3962%, Test loss: 0.009975
Epoch 446 Test Acc: 78.3064%, Test loss: 0.009396
Epoch 447 Test Acc: 78.2435%, Test loss: 0.009382
Epoch 448 Test Acc: 77.2436%, Test loss: 0.009982
Epoch 449 Test Acc: 77.4429%, Test loss: 0.009960
Epoch 450 Test Acc: 78.0281%, Test loss: 0.009447
Epoch 451 Test Acc: 78.2848%, Test loss: 0.009320
Epoch 452 Test Acc: 76.8881%, Test loss: 0.010029
Epoch 453 Test Acc: 78.1412%, Test loss: 0.009369
Epoch 454 Test Acc: 77.7893%, Test loss: 0.009494
Epoch 455 Test Acc: 76.9492%, Test loss: 0.010018
Epoch 456 Test Acc: 78.0191%, Test loss: 0.009541
Epoch 457 Test Acc: 77.0048%, Test loss: 0.010201
Epoch 458 Test Acc: 78.6116%, Test loss: 0.009210
Epoch 459 Test Acc: 78.5110%, Test loss: 0.009182
Epoch 460 Test Acc: 77.4375%, Test loss: 0.009746
Epoch 461 Test Acc: 77.5219%, Test loss: 0.009753
Epoch 462 Test Acc: 78.1538%, Test loss: 0.009487
Epoch 463 Test Acc: 76.5578%, Test loss: 0.010109
Epoch 464 Test Acc: 77.9401%, Test loss: 0.009741
Epoch 465 Test Acc: 76.4375%, Test loss: 0.010495
Epoch 466 Test Acc: 77.8306%, Test loss: 0.009554
Epoch 467 Test Acc: 78.5092%, Test loss: 0.009352
Epoch 468 Test Acc: 77.5416%, Test loss: 0.009884
Epoch 469 Test Acc: 77.2598%, Test loss: 0.009713
Epoch 470 Test Acc: 77.3280%, Test loss: 0.009886
Epoch 471 Test Acc: 77.7050%, Test loss: 0.009619
Epoch 472 Test Acc: 77.2598%, Test loss: 0.009731
Epoch 473 Test Acc: 77.1592%, Test loss: 0.009849
Epoch 474 Test Acc: 77.3441%, Test loss: 0.009671
Epoch 475 Test Acc: 77.7534%, Test loss: 0.009538
Epoch 476 Test Acc: 78.1717%, Test loss: 0.009250
Epoch 477 Test Acc: 77.9545%, Test loss: 0.009483
Epoch 478 Test Acc: 77.8504%, Test loss: 0.009516
Epoch 479 Test Acc: 78.6995%, Test loss: 0.009143
Epoch 480 Test Acc: 78.7929%, Test loss: 0.009169
Epoch 481 Test Acc: 78.2759%, Test loss: 0.009429
Epoch 482 Test Acc: 78.0012%, Test loss: 0.009500
Epoch 483 Test Acc: 78.3369%, Test loss: 0.009406
Epoch 484 Test Acc: 78.2382%, Test loss: 0.009428
Epoch 485 Test Acc: 77.7947%, Test loss: 0.009605
Epoch 486 Test Acc: 76.1790%, Test loss: 0.010522
Epoch 487 Test Acc: 77.8935%, Test loss: 0.009625
Epoch 488 Test Acc: 77.5614%, Test loss: 0.009749
Epoch 489 Test Acc: 78.2076%, Test loss: 0.009485
Epoch 490 Test Acc: 78.4877%, Test loss: 0.009364
Epoch 491 Test Acc: 76.4393%, Test loss: 0.010287
Epoch 492 Test Acc: 77.2095%, Test loss: 0.010026
Epoch 493 Test Acc: 76.9061%, Test loss: 0.010176
Epoch 494 Test Acc: 77.7086%, Test loss: 0.009555
Epoch 495 Test Acc: 78.4051%, Test loss: 0.009219
Epoch 496 Test Acc: 77.8540%, Test loss: 0.009523
Epoch 497 Test Acc: 78.3207%, Test loss: 0.009355
Epoch 498 Test Acc: 78.5541%, Test loss: 0.009234
Epoch 499 Test Acc: 78.5200%, Test loss: 0.009273
Epoch 500 Test Acc: 78.0766%, Test loss: 0.009583
---------------------------------------------
The  2-th iteration
---------------------------------------------
Epoch 1 Test Acc: 10.3872%, Test loss: 0.035816
Epoch 2 Test Acc: 11.6008%, Test loss: 0.036170
Epoch 3 Test Acc: 12.5236%, Test loss: 0.035079
Epoch 4 Test Acc: 12.2848%, Test loss: 0.036062
Epoch 5 Test Acc: 12.1573%, Test loss: 0.035995
Epoch 6 Test Acc: 14.0908%, Test loss: 0.034830
Epoch 7 Test Acc: 22.5589%, Test loss: 0.030175
Epoch 8 Test Acc: 23.4835%, Test loss: 0.029838
Epoch 9 Test Acc: 25.2733%, Test loss: 0.029965
Epoch 10 Test Acc: 25.5947%, Test loss: 0.028708
Epoch 11 Test Acc: 26.0363%, Test loss: 0.028924
Epoch 12 Test Acc: 25.5390%, Test loss: 0.029484
Epoch 13 Test Acc: 25.5139%, Test loss: 0.029174
Epoch 14 Test Acc: 26.6592%, Test loss: 0.029020
Epoch 15 Test Acc: 26.7993%, Test loss: 0.029249
Epoch 16 Test Acc: 28.4814%, Test loss: 0.027132
Epoch 17 Test Acc: 40.8272%, Test loss: 0.023241
Epoch 18 Test Acc: 40.9224%, Test loss: 0.023566
Epoch 19 Test Acc: 41.5759%, Test loss: 0.023103
Epoch 20 Test Acc: 41.7662%, Test loss: 0.022601
Epoch 21 Test Acc: 46.6223%, Test loss: 0.020530
Epoch 22 Test Acc: 47.4014%, Test loss: 0.020532
Epoch 23 Test Acc: 49.4677%, Test loss: 0.018953
Epoch 24 Test Acc: 48.1662%, Test loss: 0.019901
Epoch 25 Test Acc: 49.6921%, Test loss: 0.019841
Epoch 26 Test Acc: 48.8466%, Test loss: 0.020183
Epoch 27 Test Acc: 49.2074%, Test loss: 0.019867
Epoch 28 Test Acc: 49.6831%, Test loss: 0.019812
Epoch 29 Test Acc: 50.0512%, Test loss: 0.019597
Epoch 30 Test Acc: 50.1086%, Test loss: 0.019482
Epoch 31 Test Acc: 49.8663%, Test loss: 0.019484
Epoch 32 Test Acc: 49.9542%, Test loss: 0.019346
Epoch 33 Test Acc: 50.9990%, Test loss: 0.018979
Epoch 34 Test Acc: 51.0116%, Test loss: 0.019012
Epoch 35 Test Acc: 51.2324%, Test loss: 0.018926
Epoch 36 Test Acc: 51.1014%, Test loss: 0.018925
Epoch 37 Test Acc: 52.2414%, Test loss: 0.018753
Epoch 38 Test Acc: 52.3562%, Test loss: 0.018890
Epoch 39 Test Acc: 52.6435%, Test loss: 0.018951
Epoch 40 Test Acc: 53.5411%, Test loss: 0.018514
Epoch 41 Test Acc: 53.6650%, Test loss: 0.018281
Epoch 42 Test Acc: 48.0962%, Test loss: 0.020000
Epoch 43 Test Acc: 48.1913%, Test loss: 0.020103
Epoch 44 Test Acc: 51.3760%, Test loss: 0.018765
Epoch 45 Test Acc: 56.0562%, Test loss: 0.017368
Epoch 46 Test Acc: 55.6397%, Test loss: 0.017536
Epoch 47 Test Acc: 56.5750%, Test loss: 0.017031
Epoch 48 Test Acc: 56.8838%, Test loss: 0.016957
Epoch 49 Test Acc: 57.4314%, Test loss: 0.017123
Epoch 50 Test Acc: 59.2105%, Test loss: 0.016607
Epoch 51 Test Acc: 60.0057%, Test loss: 0.016499
Epoch 52 Test Acc: 58.9807%, Test loss: 0.016649
Epoch 53 Test Acc: 60.4061%, Test loss: 0.016190
Epoch 54 Test Acc: 60.6018%, Test loss: 0.016061
Epoch 55 Test Acc: 60.3702%, Test loss: 0.016355
Epoch 56 Test Acc: 59.9268%, Test loss: 0.016778
Epoch 57 Test Acc: 59.6952%, Test loss: 0.016769
Epoch 58 Test Acc: 60.3504%, Test loss: 0.016498
Epoch 59 Test Acc: 60.6071%, Test loss: 0.016314
Epoch 60 Test Acc: 60.5605%, Test loss: 0.016348
Epoch 61 Test Acc: 60.7310%, Test loss: 0.016528
Epoch 62 Test Acc: 61.1314%, Test loss: 0.016507
Epoch 63 Test Acc: 60.9841%, Test loss: 0.016318
Epoch 64 Test Acc: 60.7328%, Test loss: 0.016508
Epoch 65 Test Acc: 60.3971%, Test loss: 0.016800
Epoch 66 Test Acc: 60.4151%, Test loss: 0.016479
Epoch 67 Test Acc: 60.2768%, Test loss: 0.016351
Epoch 68 Test Acc: 60.5389%, Test loss: 0.016229
Epoch 69 Test Acc: 61.4850%, Test loss: 0.016114
Epoch 70 Test Acc: 61.8171%, Test loss: 0.015640
Epoch 71 Test Acc: 62.0559%, Test loss: 0.015835
Epoch 72 Test Acc: 62.2300%, Test loss: 0.015743
Epoch 73 Test Acc: 62.4311%, Test loss: 0.015651
Epoch 74 Test Acc: 62.1888%, Test loss: 0.015722
Epoch 75 Test Acc: 61.2175%, Test loss: 0.016523
Epoch 76 Test Acc: 61.7489%, Test loss: 0.016172
Epoch 77 Test Acc: 61.6125%, Test loss: 0.016163
Epoch 78 Test Acc: 61.6951%, Test loss: 0.015974
Epoch 79 Test Acc: 61.3755%, Test loss: 0.016191
Epoch 80 Test Acc: 61.8997%, Test loss: 0.016000
Epoch 81 Test Acc: 62.1888%, Test loss: 0.015892
Epoch 82 Test Acc: 62.2480%, Test loss: 0.016037
Epoch 83 Test Acc: 61.8261%, Test loss: 0.016101
Epoch 84 Test Acc: 62.4850%, Test loss: 0.016014
Epoch 85 Test Acc: 62.3072%, Test loss: 0.015916
Epoch 86 Test Acc: 61.5802%, Test loss: 0.015991
Epoch 87 Test Acc: 61.5389%, Test loss: 0.016074
Epoch 88 Test Acc: 61.8046%, Test loss: 0.016014
Epoch 89 Test Acc: 62.4221%, Test loss: 0.015575
Epoch 90 Test Acc: 62.2516%, Test loss: 0.015854
Epoch 91 Test Acc: 63.0594%, Test loss: 0.015408
Epoch 92 Test Acc: 63.1725%, Test loss: 0.015487
Epoch 93 Test Acc: 62.9679%, Test loss: 0.015773
Epoch 94 Test Acc: 63.0056%, Test loss: 0.015786
Epoch 95 Test Acc: 63.1420%, Test loss: 0.015566
Epoch 96 Test Acc: 63.4293%, Test loss: 0.015598
Epoch 97 Test Acc: 63.3610%, Test loss: 0.015690
Epoch 98 Test Acc: 63.7721%, Test loss: 0.015486
Epoch 99 Test Acc: 63.6967%, Test loss: 0.015549
Epoch 100 Test Acc: 63.6896%, Test loss: 0.015500
Epoch 101 Test Acc: 62.8261%, Test loss: 0.015759
Epoch 102 Test Acc: 63.8206%, Test loss: 0.015540
Epoch 103 Test Acc: 63.8350%, Test loss: 0.015378
Epoch 104 Test Acc: 63.8619%, Test loss: 0.015286
Epoch 105 Test Acc: 63.5801%, Test loss: 0.015564
Epoch 106 Test Acc: 63.2461%, Test loss: 0.015921
Epoch 107 Test Acc: 64.0432%, Test loss: 0.015439
Epoch 108 Test Acc: 64.2605%, Test loss: 0.015397
Epoch 109 Test Acc: 64.7739%, Test loss: 0.015066
Epoch 110 Test Acc: 64.2228%, Test loss: 0.015495
Epoch 111 Test Acc: 64.4974%, Test loss: 0.015114
Epoch 112 Test Acc: 63.8009%, Test loss: 0.015420
Epoch 113 Test Acc: 63.4921%, Test loss: 0.015823
Epoch 114 Test Acc: 64.4759%, Test loss: 0.015385
Epoch 115 Test Acc: 64.0522%, Test loss: 0.015647
Epoch 116 Test Acc: 64.4831%, Test loss: 0.015192
Epoch 117 Test Acc: 64.4490%, Test loss: 0.015347
Epoch 118 Test Acc: 64.2856%, Test loss: 0.015344
Epoch 119 Test Acc: 64.2999%, Test loss: 0.015402
Epoch 120 Test Acc: 64.4597%, Test loss: 0.015277
Epoch 121 Test Acc: 62.7543%, Test loss: 0.015974
Epoch 122 Test Acc: 64.7883%, Test loss: 0.015014
Epoch 123 Test Acc: 64.8026%, Test loss: 0.015001
Epoch 124 Test Acc: 64.4041%, Test loss: 0.015134
Epoch 125 Test Acc: 64.5800%, Test loss: 0.015231
Epoch 126 Test Acc: 64.0630%, Test loss: 0.015261
Epoch 127 Test Acc: 64.2856%, Test loss: 0.015320
Epoch 128 Test Acc: 64.1097%, Test loss: 0.015494
Epoch 129 Test Acc: 64.7236%, Test loss: 0.014898
Epoch 130 Test Acc: 70.7287%, Test loss: 0.012491
Epoch 131 Test Acc: 70.6425%, Test loss: 0.012567
Epoch 132 Test Acc: 70.5168%, Test loss: 0.012604
Epoch 133 Test Acc: 70.0052%, Test loss: 0.013171
Epoch 134 Test Acc: 71.1236%, Test loss: 0.012344
Epoch 135 Test Acc: 71.2673%, Test loss: 0.012339
Epoch 136 Test Acc: 71.4899%, Test loss: 0.012088
Epoch 137 Test Acc: 71.4917%, Test loss: 0.012270
Epoch 138 Test Acc: 71.0859%, Test loss: 0.012221
Epoch 139 Test Acc: 71.3480%, Test loss: 0.012303
Epoch 140 Test Acc: 70.6192%, Test loss: 0.012489
Epoch 141 Test Acc: 70.7736%, Test loss: 0.012436
Epoch 142 Test Acc: 71.0680%, Test loss: 0.012308
Epoch 143 Test Acc: 70.7359%, Test loss: 0.012524
Epoch 144 Test Acc: 70.9890%, Test loss: 0.012439
Epoch 145 Test Acc: 70.7628%, Test loss: 0.012427
Epoch 146 Test Acc: 71.0411%, Test loss: 0.012246
Epoch 147 Test Acc: 70.7556%, Test loss: 0.012348
Epoch 148 Test Acc: 70.6838%, Test loss: 0.012460
Epoch 149 Test Acc: 70.5510%, Test loss: 0.012653
Epoch 150 Test Acc: 71.0016%, Test loss: 0.012295
Epoch 151 Test Acc: 70.7772%, Test loss: 0.012434
Epoch 152 Test Acc: 71.0249%, Test loss: 0.012275
Epoch 153 Test Acc: 70.9639%, Test loss: 0.012386
Epoch 154 Test Acc: 71.5868%, Test loss: 0.012110
Epoch 155 Test Acc: 71.5707%, Test loss: 0.012089
Epoch 156 Test Acc: 71.3588%, Test loss: 0.012084
Epoch 157 Test Acc: 70.7269%, Test loss: 0.012568
Epoch 158 Test Acc: 70.9908%, Test loss: 0.012454
Epoch 159 Test Acc: 70.7269%, Test loss: 0.012433
Epoch 160 Test Acc: 70.5007%, Test loss: 0.012407
Epoch 161 Test Acc: 70.5168%, Test loss: 0.012564
Epoch 162 Test Acc: 70.6766%, Test loss: 0.012416
Epoch 163 Test Acc: 71.1775%, Test loss: 0.012120
Epoch 164 Test Acc: 71.6461%, Test loss: 0.011875
Epoch 165 Test Acc: 70.9010%, Test loss: 0.012225
Epoch 166 Test Acc: 70.9064%, Test loss: 0.012505
Epoch 167 Test Acc: 70.7664%, Test loss: 0.012426
Epoch 168 Test Acc: 70.4648%, Test loss: 0.012646
Epoch 169 Test Acc: 71.2726%, Test loss: 0.012152
Epoch 170 Test Acc: 71.4127%, Test loss: 0.012156
Epoch 171 Test Acc: 71.1919%, Test loss: 0.012026
Epoch 172 Test Acc: 71.2080%, Test loss: 0.012110
Epoch 173 Test Acc: 72.2367%, Test loss: 0.011755
Epoch 174 Test Acc: 72.8219%, Test loss: 0.011675
Epoch 175 Test Acc: 72.8201%, Test loss: 0.011700
Epoch 176 Test Acc: 72.2708%, Test loss: 0.011851
Epoch 177 Test Acc: 72.9296%, Test loss: 0.011622
Epoch 178 Test Acc: 73.2133%, Test loss: 0.011480
Epoch 179 Test Acc: 72.8596%, Test loss: 0.011734
Epoch 180 Test Acc: 72.6514%, Test loss: 0.011729
Epoch 181 Test Acc: 73.0374%, Test loss: 0.011450
Epoch 182 Test Acc: 72.5383%, Test loss: 0.011615
Epoch 183 Test Acc: 72.7717%, Test loss: 0.011518
Epoch 184 Test Acc: 72.8040%, Test loss: 0.011554
Epoch 185 Test Acc: 72.7322%, Test loss: 0.011531
Epoch 186 Test Acc: 71.2385%, Test loss: 0.012471
Epoch 187 Test Acc: 72.0697%, Test loss: 0.011881
Epoch 188 Test Acc: 72.4072%, Test loss: 0.011750
Epoch 189 Test Acc: 72.6227%, Test loss: 0.011606
Epoch 190 Test Acc: 72.5616%, Test loss: 0.011546
Epoch 191 Test Acc: 72.7088%, Test loss: 0.011543
Epoch 192 Test Acc: 72.6424%, Test loss: 0.011619
Epoch 193 Test Acc: 71.7250%, Test loss: 0.011938
Epoch 194 Test Acc: 71.8758%, Test loss: 0.011927
Epoch 195 Test Acc: 72.4036%, Test loss: 0.011547
Epoch 196 Test Acc: 71.9315%, Test loss: 0.011926
Epoch 197 Test Acc: 71.9602%, Test loss: 0.011927
Epoch 198 Test Acc: 72.3139%, Test loss: 0.011709
Epoch 199 Test Acc: 72.3983%, Test loss: 0.011769
Epoch 200 Test Acc: 72.4288%, Test loss: 0.011635
Epoch 201 Test Acc: 72.0697%, Test loss: 0.011915
Epoch 202 Test Acc: 72.5688%, Test loss: 0.012025
Epoch 203 Test Acc: 73.4108%, Test loss: 0.011390
Epoch 204 Test Acc: 73.5526%, Test loss: 0.011394
Epoch 205 Test Acc: 73.5077%, Test loss: 0.011343
Epoch 206 Test Acc: 72.9638%, Test loss: 0.011762
Epoch 207 Test Acc: 72.9207%, Test loss: 0.011590
Epoch 208 Test Acc: 72.8704%, Test loss: 0.011772
Epoch 209 Test Acc: 72.9171%, Test loss: 0.011639
Epoch 210 Test Acc: 72.5096%, Test loss: 0.011843
Epoch 211 Test Acc: 72.9781%, Test loss: 0.011578
Epoch 212 Test Acc: 72.9261%, Test loss: 0.011408
Epoch 213 Test Acc: 73.2348%, Test loss: 0.011455
Epoch 214 Test Acc: 73.1882%, Test loss: 0.011398
Epoch 215 Test Acc: 73.2456%, Test loss: 0.011296
Epoch 216 Test Acc: 72.8309%, Test loss: 0.011619
Epoch 217 Test Acc: 73.0158%, Test loss: 0.011425
Epoch 218 Test Acc: 72.9709%, Test loss: 0.011568
Epoch 219 Test Acc: 73.1325%, Test loss: 0.011623
Epoch 220 Test Acc: 72.7286%, Test loss: 0.011860
Epoch 221 Test Acc: 73.3192%, Test loss: 0.011391
Epoch 222 Test Acc: 73.0912%, Test loss: 0.011521
Epoch 223 Test Acc: 73.2582%, Test loss: 0.011350
Epoch 224 Test Acc: 73.1810%, Test loss: 0.011296
Epoch 225 Test Acc: 73.2151%, Test loss: 0.011491
Epoch 226 Test Acc: 72.8686%, Test loss: 0.011637
Epoch 227 Test Acc: 72.7914%, Test loss: 0.011846
Epoch 228 Test Acc: 72.8758%, Test loss: 0.011796
Epoch 229 Test Acc: 73.1540%, Test loss: 0.011606
Epoch 230 Test Acc: 73.5867%, Test loss: 0.011150
Epoch 231 Test Acc: 73.6639%, Test loss: 0.011185
Epoch 232 Test Acc: 73.4539%, Test loss: 0.011482
Epoch 233 Test Acc: 73.3515%, Test loss: 0.011462
Epoch 234 Test Acc: 72.7699%, Test loss: 0.011617
Epoch 235 Test Acc: 72.5275%, Test loss: 0.011855
Epoch 236 Test Acc: 72.6496%, Test loss: 0.011728
Epoch 237 Test Acc: 72.9404%, Test loss: 0.011550
Epoch 238 Test Acc: 72.1344%, Test loss: 0.012014
Epoch 239 Test Acc: 73.1020%, Test loss: 0.011432
Epoch 240 Test Acc: 73.2294%, Test loss: 0.011415
Epoch 241 Test Acc: 73.1415%, Test loss: 0.011469
Epoch 242 Test Acc: 72.9745%, Test loss: 0.011558
Epoch 243 Test Acc: 73.1163%, Test loss: 0.011419
Epoch 244 Test Acc: 72.8363%, Test loss: 0.011614
Epoch 245 Test Acc: 73.2259%, Test loss: 0.011338
Epoch 246 Test Acc: 73.2025%, Test loss: 0.011322
Epoch 247 Test Acc: 73.0840%, Test loss: 0.011540
Epoch 248 Test Acc: 72.8112%, Test loss: 0.011705
Epoch 249 Test Acc: 72.7806%, Test loss: 0.011726
Epoch 250 Test Acc: 72.8722%, Test loss: 0.011605
Epoch 251 Test Acc: 72.5778%, Test loss: 0.011791
Epoch 252 Test Acc: 72.7537%, Test loss: 0.011682
Epoch 253 Test Acc: 71.8166%, Test loss: 0.012203
Epoch 254 Test Acc: 73.1630%, Test loss: 0.011396
Epoch 255 Test Acc: 73.4395%, Test loss: 0.011176
Epoch 256 Test Acc: 73.0481%, Test loss: 0.011491
Epoch 257 Test Acc: 73.3013%, Test loss: 0.011324
Epoch 258 Test Acc: 73.0284%, Test loss: 0.011460
Epoch 259 Test Acc: 73.4090%, Test loss: 0.011208
Epoch 260 Test Acc: 73.7195%, Test loss: 0.011091
Epoch 261 Test Acc: 73.3856%, Test loss: 0.011252
Epoch 262 Test Acc: 72.5832%, Test loss: 0.011709
Epoch 263 Test Acc: 72.9081%, Test loss: 0.011545
Epoch 264 Test Acc: 73.4036%, Test loss: 0.011096
Epoch 265 Test Acc: 73.3156%, Test loss: 0.011229
Epoch 266 Test Acc: 73.2977%, Test loss: 0.011113
Epoch 267 Test Acc: 72.7735%, Test loss: 0.011573
Epoch 268 Test Acc: 72.4808%, Test loss: 0.011670
Epoch 269 Test Acc: 72.9584%, Test loss: 0.011551
Epoch 270 Test Acc: 72.0159%, Test loss: 0.012268
Epoch 271 Test Acc: 73.4898%, Test loss: 0.011327
Epoch 272 Test Acc: 73.0284%, Test loss: 0.011531
Epoch 273 Test Acc: 73.4574%, Test loss: 0.011362
Epoch 274 Test Acc: 73.5652%, Test loss: 0.011049
Epoch 275 Test Acc: 73.4000%, Test loss: 0.011006
Epoch 276 Test Acc: 73.0356%, Test loss: 0.011214
Epoch 277 Test Acc: 73.1953%, Test loss: 0.011300
Epoch 278 Test Acc: 73.0050%, Test loss: 0.011362
Epoch 279 Test Acc: 72.6945%, Test loss: 0.011541
Epoch 280 Test Acc: 71.9171%, Test loss: 0.012263
Epoch 281 Test Acc: 71.4863%, Test loss: 0.012121
Epoch 282 Test Acc: 71.7915%, Test loss: 0.012285
Epoch 283 Test Acc: 72.0608%, Test loss: 0.012095
Epoch 284 Test Acc: 72.0105%, Test loss: 0.012094
Epoch 285 Test Acc: 71.9871%, Test loss: 0.012009
Epoch 286 Test Acc: 71.9674%, Test loss: 0.011995
Epoch 287 Test Acc: 71.7484%, Test loss: 0.012086
Epoch 288 Test Acc: 72.2080%, Test loss: 0.011890
Epoch 289 Test Acc: 72.5221%, Test loss: 0.011728
Epoch 290 Test Acc: 72.8219%, Test loss: 0.011636
Epoch 291 Test Acc: 72.7681%, Test loss: 0.011644
Epoch 292 Test Acc: 72.7411%, Test loss: 0.011703
Epoch 293 Test Acc: 72.7986%, Test loss: 0.011633
Epoch 294 Test Acc: 72.8848%, Test loss: 0.011680
Epoch 295 Test Acc: 72.5383%, Test loss: 0.011968
Epoch 296 Test Acc: 73.3192%, Test loss: 0.011428
Epoch 297 Test Acc: 73.3156%, Test loss: 0.011478
Epoch 298 Test Acc: 73.2510%, Test loss: 0.011331
Epoch 299 Test Acc: 73.1630%, Test loss: 0.011315
Epoch 300 Test Acc: 73.3246%, Test loss: 0.011271
Epoch 301 Test Acc: 73.3372%, Test loss: 0.011311
Epoch 302 Test Acc: 73.4197%, Test loss: 0.011327
Epoch 303 Test Acc: 73.0086%, Test loss: 0.011441
Epoch 304 Test Acc: 72.7322%, Test loss: 0.011612
Epoch 305 Test Acc: 72.8614%, Test loss: 0.011682
Epoch 306 Test Acc: 73.0356%, Test loss: 0.011678
Epoch 307 Test Acc: 73.9152%, Test loss: 0.011158
Epoch 308 Test Acc: 73.8344%, Test loss: 0.011162
Epoch 309 Test Acc: 73.1612%, Test loss: 0.011360
Epoch 310 Test Acc: 73.3354%, Test loss: 0.011316
Epoch 311 Test Acc: 73.5382%, Test loss: 0.011116
Epoch 312 Test Acc: 73.4772%, Test loss: 0.011423
Epoch 313 Test Acc: 73.4556%, Test loss: 0.011206
Epoch 314 Test Acc: 73.3066%, Test loss: 0.011354
Epoch 315 Test Acc: 73.6980%, Test loss: 0.011210
Epoch 316 Test Acc: 73.2923%, Test loss: 0.011498
Epoch 317 Test Acc: 72.7806%, Test loss: 0.011508
Epoch 318 Test Acc: 72.8668%, Test loss: 0.011527
Epoch 319 Test Acc: 73.0697%, Test loss: 0.011238
Epoch 320 Test Acc: 72.9799%, Test loss: 0.011390
Epoch 321 Test Acc: 72.9979%, Test loss: 0.011306
Epoch 322 Test Acc: 73.2905%, Test loss: 0.011421
Epoch 323 Test Acc: 73.4449%, Test loss: 0.011298
Epoch 324 Test Acc: 73.2779%, Test loss: 0.011399
Epoch 325 Test Acc: 73.1882%, Test loss: 0.011452
Epoch 326 Test Acc: 73.1397%, Test loss: 0.011437
Epoch 327 Test Acc: 72.2277%, Test loss: 0.011920
Epoch 328 Test Acc: 72.9602%, Test loss: 0.011593
Epoch 329 Test Acc: 73.0930%, Test loss: 0.011473
Epoch 330 Test Acc: 73.2869%, Test loss: 0.011205
Epoch 331 Test Acc: 73.1038%, Test loss: 0.011423
Epoch 332 Test Acc: 73.2384%, Test loss: 0.011286
Epoch 333 Test Acc: 73.5831%, Test loss: 0.010917
Epoch 334 Test Acc: 73.4269%, Test loss: 0.011022
Epoch 335 Test Acc: 72.6693%, Test loss: 0.011695
Epoch 336 Test Acc: 73.0571%, Test loss: 0.011443
Epoch 337 Test Acc: 72.9835%, Test loss: 0.011382
Epoch 338 Test Acc: 72.5706%, Test loss: 0.011573
Epoch 339 Test Acc: 72.0554%, Test loss: 0.011745
Epoch 340 Test Acc: 71.3516%, Test loss: 0.011962
Epoch 341 Test Acc: 71.5635%, Test loss: 0.011924
Epoch 342 Test Acc: 72.9530%, Test loss: 0.011442
Epoch 343 Test Acc: 72.9853%, Test loss: 0.011439
Epoch 344 Test Acc: 73.4413%, Test loss: 0.010961
Epoch 345 Test Acc: 73.1128%, Test loss: 0.011337
Epoch 346 Test Acc: 72.6747%, Test loss: 0.011706
Epoch 347 Test Acc: 72.7052%, Test loss: 0.011605
Epoch 348 Test Acc: 72.6963%, Test loss: 0.011442
Epoch 349 Test Acc: 72.6424%, Test loss: 0.011645
Epoch 350 Test Acc: 73.0661%, Test loss: 0.011298
Epoch 351 Test Acc: 72.8471%, Test loss: 0.011414
Epoch 352 Test Acc: 73.2402%, Test loss: 0.011137
Epoch 353 Test Acc: 72.8201%, Test loss: 0.011431
Epoch 354 Test Acc: 73.0571%, Test loss: 0.011430
Epoch 355 Test Acc: 73.2636%, Test loss: 0.010982
Epoch 356 Test Acc: 73.2977%, Test loss: 0.011119
Epoch 357 Test Acc: 73.0158%, Test loss: 0.011172
Epoch 358 Test Acc: 73.2636%, Test loss: 0.011080
Epoch 359 Test Acc: 73.0499%, Test loss: 0.011245
Epoch 360 Test Acc: 72.5006%, Test loss: 0.011671
Epoch 361 Test Acc: 73.2510%, Test loss: 0.011451
Epoch 362 Test Acc: 73.5293%, Test loss: 0.011113
Epoch 363 Test Acc: 73.1702%, Test loss: 0.011002
Epoch 364 Test Acc: 72.8345%, Test loss: 0.011775
Epoch 365 Test Acc: 73.3443%, Test loss: 0.011311
Epoch 366 Test Acc: 72.9278%, Test loss: 0.011411
Epoch 367 Test Acc: 72.4521%, Test loss: 0.011816
Epoch 368 Test Acc: 73.8021%, Test loss: 0.011161
Epoch 369 Test Acc: 74.4628%, Test loss: 0.010913
Epoch 370 Test Acc: 74.5005%, Test loss: 0.010780
Epoch 371 Test Acc: 74.4179%, Test loss: 0.010771
Epoch 372 Test Acc: 74.3030%, Test loss: 0.010933
Epoch 373 Test Acc: 73.7483%, Test loss: 0.011147
Epoch 374 Test Acc: 73.2456%, Test loss: 0.011504
Epoch 375 Test Acc: 74.5561%, Test loss: 0.010875
Epoch 376 Test Acc: 74.5938%, Test loss: 0.010777
Epoch 377 Test Acc: 74.0768%, Test loss: 0.011007
Epoch 378 Test Acc: 73.7734%, Test loss: 0.011117
Epoch 379 Test Acc: 73.6370%, Test loss: 0.011472
Epoch 380 Test Acc: 74.3371%, Test loss: 0.010878
Epoch 381 Test Acc: 74.7805%, Test loss: 0.010745
Epoch 382 Test Acc: 74.8326%, Test loss: 0.010641
Epoch 383 Test Acc: 74.2240%, Test loss: 0.010909
Epoch 384 Test Acc: 73.6477%, Test loss: 0.011090
Epoch 385 Test Acc: 73.6047%, Test loss: 0.011248
Epoch 386 Test Acc: 73.9206%, Test loss: 0.010922
Epoch 387 Test Acc: 74.1378%, Test loss: 0.010950
Epoch 388 Test Acc: 74.5095%, Test loss: 0.010735
Epoch 389 Test Acc: 74.7105%, Test loss: 0.010691
Epoch 390 Test Acc: 74.3658%, Test loss: 0.010820
Epoch 391 Test Acc: 74.6423%, Test loss: 0.010816
Epoch 392 Test Acc: 75.0803%, Test loss: 0.010764
Epoch 393 Test Acc: 75.1180%, Test loss: 0.010662
Epoch 394 Test Acc: 74.7985%, Test loss: 0.010866
Epoch 395 Test Acc: 74.7536%, Test loss: 0.010952
Epoch 396 Test Acc: 73.8739%, Test loss: 0.011346
Epoch 397 Test Acc: 73.7716%, Test loss: 0.011219
Epoch 398 Test Acc: 74.6369%, Test loss: 0.010881
Epoch 399 Test Acc: 74.5041%, Test loss: 0.011058
Epoch 400 Test Acc: 74.6369%, Test loss: 0.011046
Epoch 401 Test Acc: 74.6154%, Test loss: 0.011068
Epoch 402 Test Acc: 74.6531%, Test loss: 0.011033
Epoch 403 Test Acc: 74.7859%, Test loss: 0.010872
Epoch 404 Test Acc: 74.5507%, Test loss: 0.010944
Epoch 405 Test Acc: 75.1432%, Test loss: 0.010756
Epoch 406 Test Acc: 74.7913%, Test loss: 0.010989
Epoch 407 Test Acc: 74.5112%, Test loss: 0.011094
Epoch 408 Test Acc: 75.2150%, Test loss: 0.010720
Epoch 409 Test Acc: 74.6387%, Test loss: 0.011090
Epoch 410 Test Acc: 75.1773%, Test loss: 0.010647
Epoch 411 Test Acc: 74.5364%, Test loss: 0.011149
Epoch 412 Test Acc: 74.9331%, Test loss: 0.010708
Epoch 413 Test Acc: 75.4089%, Test loss: 0.010690
Epoch 414 Test Acc: 75.5004%, Test loss: 0.010596
Epoch 415 Test Acc: 75.1180%, Test loss: 0.010763
Epoch 416 Test Acc: 75.1091%, Test loss: 0.010564
Epoch 417 Test Acc: 74.7392%, Test loss: 0.010770
Epoch 418 Test Acc: 75.3065%, Test loss: 0.010526
Epoch 419 Test Acc: 75.7141%, Test loss: 0.010495
Epoch 420 Test Acc: 75.5651%, Test loss: 0.010290
Epoch 421 Test Acc: 75.2240%, Test loss: 0.010596
Epoch 422 Test Acc: 75.3083%, Test loss: 0.010556
Epoch 423 Test Acc: 75.2814%, Test loss: 0.010591
Epoch 424 Test Acc: 75.2347%, Test loss: 0.010648
Epoch 425 Test Acc: 74.9780%, Test loss: 0.010504
Epoch 426 Test Acc: 75.4466%, Test loss: 0.010507
Epoch 427 Test Acc: 75.3406%, Test loss: 0.010415
Epoch 428 Test Acc: 75.3460%, Test loss: 0.010477
Epoch 429 Test Acc: 75.4466%, Test loss: 0.010491
Epoch 430 Test Acc: 75.2491%, Test loss: 0.010507
Epoch 431 Test Acc: 75.2940%, Test loss: 0.010567
Epoch 432 Test Acc: 75.3029%, Test loss: 0.010488
Epoch 433 Test Acc: 75.0031%, Test loss: 0.010592
Epoch 434 Test Acc: 74.6782%, Test loss: 0.010787
Epoch 435 Test Acc: 74.6872%, Test loss: 0.011023
Epoch 436 Test Acc: 74.2043%, Test loss: 0.011284
Epoch 437 Test Acc: 74.7392%, Test loss: 0.011179
Epoch 438 Test Acc: 75.1144%, Test loss: 0.010704
Epoch 439 Test Acc: 75.4268%, Test loss: 0.010425
Epoch 440 Test Acc: 75.6351%, Test loss: 0.010584
Epoch 441 Test Acc: 75.5686%, Test loss: 0.010443
Epoch 442 Test Acc: 74.9098%, Test loss: 0.010937
Epoch 443 Test Acc: 74.8541%, Test loss: 0.010931
Epoch 444 Test Acc: 74.5472%, Test loss: 0.011031
Epoch 445 Test Acc: 73.9152%, Test loss: 0.011263
Epoch 446 Test Acc: 73.1900%, Test loss: 0.011876
Epoch 447 Test Acc: 74.0606%, Test loss: 0.011135
Epoch 448 Test Acc: 74.5938%, Test loss: 0.011035
Epoch 449 Test Acc: 74.8236%, Test loss: 0.010849
Epoch 450 Test Acc: 75.1701%, Test loss: 0.010714
Epoch 451 Test Acc: 74.8434%, Test loss: 0.010867
Epoch 452 Test Acc: 74.1235%, Test loss: 0.011253
Epoch 453 Test Acc: 74.1684%, Test loss: 0.011250
Epoch 454 Test Acc: 75.2150%, Test loss: 0.010766
Epoch 455 Test Acc: 75.0552%, Test loss: 0.010982
Epoch 456 Test Acc: 75.1934%, Test loss: 0.010872
Epoch 457 Test Acc: 74.8416%, Test loss: 0.010801
Epoch 458 Test Acc: 75.0444%, Test loss: 0.010898
Epoch 459 Test Acc: 74.8757%, Test loss: 0.010962
Epoch 460 Test Acc: 76.1557%, Test loss: 0.010250
Epoch 461 Test Acc: 76.2454%, Test loss: 0.010270
Epoch 462 Test Acc: 76.1629%, Test loss: 0.010380
Epoch 463 Test Acc: 75.9815%, Test loss: 0.010295
Epoch 464 Test Acc: 75.7661%, Test loss: 0.010309
Epoch 465 Test Acc: 74.7536%, Test loss: 0.010937
Epoch 466 Test Acc: 75.6153%, Test loss: 0.010668
Epoch 467 Test Acc: 76.4339%, Test loss: 0.010244
Epoch 468 Test Acc: 76.5237%, Test loss: 0.010252
Epoch 469 Test Acc: 76.9420%, Test loss: 0.009861
Epoch 470 Test Acc: 76.3711%, Test loss: 0.010449
Epoch 471 Test Acc: 77.1107%, Test loss: 0.009750
Epoch 472 Test Acc: 77.1826%, Test loss: 0.009908
Epoch 473 Test Acc: 76.9294%, Test loss: 0.010132
Epoch 474 Test Acc: 76.3909%, Test loss: 0.010454
Epoch 475 Test Acc: 76.8989%, Test loss: 0.010012
Epoch 476 Test Acc: 76.8828%, Test loss: 0.010046
Epoch 477 Test Acc: 76.9097%, Test loss: 0.010018
Epoch 478 Test Acc: 77.2256%, Test loss: 0.009869
Epoch 479 Test Acc: 76.8863%, Test loss: 0.010180
Epoch 480 Test Acc: 76.8594%, Test loss: 0.010165
Epoch 481 Test Acc: 77.2490%, Test loss: 0.009921
Epoch 482 Test Acc: 77.0641%, Test loss: 0.010071
Epoch 483 Test Acc: 77.2292%, Test loss: 0.009847
Epoch 484 Test Acc: 76.7194%, Test loss: 0.010115
Epoch 485 Test Acc: 76.1898%, Test loss: 0.010456
Epoch 486 Test Acc: 76.6960%, Test loss: 0.010044
Epoch 487 Test Acc: 76.8989%, Test loss: 0.010073
Epoch 488 Test Acc: 77.1556%, Test loss: 0.010017
Epoch 489 Test Acc: 77.2885%, Test loss: 0.009834
Epoch 490 Test Acc: 76.9133%, Test loss: 0.010101
Epoch 491 Test Acc: 77.3298%, Test loss: 0.009857
Epoch 492 Test Acc: 77.1682%, Test loss: 0.009917
Epoch 493 Test Acc: 76.8468%, Test loss: 0.010044
Epoch 494 Test Acc: 76.8056%, Test loss: 0.010212
Epoch 495 Test Acc: 76.7732%, Test loss: 0.010209
Epoch 496 Test Acc: 76.6709%, Test loss: 0.010184
Epoch 497 Test Acc: 77.0084%, Test loss: 0.010119
Epoch 498 Test Acc: 77.0192%, Test loss: 0.010033
Epoch 499 Test Acc: 77.2544%, Test loss: 0.009857
Epoch 500 Test Acc: 77.1233%, Test loss: 0.009845
---------------------------------------------
---------------------------------------------
[[   1.            7.081306      4.6752853     8.502016  ]
 [   2.           10.808214      1.1209005    16.144352  ]
 [   3.           12.993914      0.66517776   23.70351   ]
 [   4.           12.838626      0.7832341    31.205612  ]
 [   5.           13.387071      1.7391098    38.77954   ]
 [   6.           15.454285      1.928254     47.035706  ]
 [   7.           20.39208       3.0643873    54.612988  ]
 [   8.           22.298618      1.6756387    62.175083  ]
 [   9.           23.434105      2.6010485    69.75685   ]
 [  10.           24.078594      2.1440554    77.30124   ]
 [  11.           24.429564      2.2722669    84.989586  ]
 [  12.           23.946644      2.2519567    92.89566   ]
 [  13.           23.471806      2.887937    100.4742    ]
 [  14.           25.212288      2.0463097   107.92992   ]
 [  15.           25.645836      1.6312084   115.53734   ]
 [  16.           27.248981      1.7429185   123.11105   ]
 [  17.           32.64097      11.577139    130.93768   ]
 [  18.           33.665154     10.263288    138.52115   ]
 [  19.           33.826725     10.95893     146.18971   ]
 [  20.           33.183132     12.138224    153.80453   ]
 [  21.           36.474697     14.350829    161.42377   ]
 [  22.           37.13355      14.520932    168.9885    ]
 [  23.           37.987183     16.235922    177.16748   ]
 [  24.           37.304993     15.360021    184.806     ]
 [  25.           37.826508     16.780504    192.41962   ]
 [  26.           37.529396     16.004887    200.10875   ]
 [  27.           37.51773      16.531698    207.72682   ]
 [  28.           37.699047     16.948069    215.32062   ]
 [  29.           37.930634     17.14102     223.30978   ]
 [  30.           37.209846     18.241611    230.95193   ]
 [  31.           38.019497     16.753849    238.50845   ]
 [  32.           38.4324       16.294313    246.08264   ]
 [  33.           38.744774     17.330166    253.64148   ]
 [  34.           39.102024     16.842707    261.21503   ]
 [  35.           39.43953      16.677683    269.34296   ]
 [  36.           40.411648     15.117559    276.914     ]
 [  37.           40.796726     16.185144    284.4904    ]
 [  38.           40.59476      16.633251    292.0904    ]
 [  39.           41.37569      15.935071    299.63797   ]
 [  40.           41.48699      17.047085    307.60638   ]
 [  41.           41.890923     16.651026    315.4043    ]
 [  42.           39.98528      11.470509    323.04483   ]
 [  43.           40.061577     11.497166    330.59564   ]
 [  44.           42.205086     12.969698    338.14572   ]
 [  45.           43.517406     17.732574    345.8395    ]
 [  46.           44.43477      15.846209    353.84152   ]
 [  47.           45.05233      16.295584    361.45306   ]
 [  48.           47.12224      13.804977    369.07513   ]
 [  49.           46.25963      15.799242    376.74255   ]
 [  50.           49.427322     13.835444    384.4173    ]
 [  51.           49.805218     14.425724    392.01474   ]
 [  52.           49.971275     12.741201    399.91577   ]
 [  53.           50.57537      13.902722    407.58038   ]
 [  54.           50.135544     14.801475    415.1357    ]
 [  55.           50.718094     13.650108    422.78833   ]
 [  56.           50.10951      13.883681    430.45978   ]
 [  57.           50.25582      13.349252    438.05676   ]
 [  58.           50.663338     13.699614    445.70853   ]
 [  59.           53.60214       9.906578    453.76517   ]
 [  60.           53.8822        9.444509    461.31097   ]
 [  61.           54.103012      9.373419    468.958     ]
 [  62.           54.072495      9.982745    476.5503    ]
 [  63.           53.652405     10.36865     484.162     ]
 [  64.           53.64074      10.029712    491.94983   ]
 [  65.           54.12994       8.8631115   499.62827   ]
 [  66.           55.2762        7.2674465   507.14294   ]
 [  67.           55.8022        6.328075    514.6726    ]
 [  68.           55.729492      6.801568    522.2559    ]
 [  69.           56.66571       6.8155327   529.74316   ]
 [  70.           56.932304      6.9082017   537.6742    ]
 [  71.           56.88383       7.3144164   545.2601    ]
 [  72.           56.91166       7.521331    552.81226   ]
 [  73.           57.013985      7.6609674   560.4468    ]
 [  74.           56.90986       7.465479    567.9918    ]
 [  75.           56.490677      6.6847816   575.6178    ]
 [  76.           56.83087       6.9551687   583.54724   ]
 [  77.           56.65045       7.0173707   591.27814   ]
 [  78.           56.86947       6.8244176   598.8706    ]
 [  79.           56.603775      6.748254    606.52277   ]
 [  80.           56.78689       7.230635    614.1216    ]
 [  81.           57.05438       7.2610993   621.73114   ]
 [  82.           57.250057      7.068149    629.55054   ]
 [  83.           56.54094       7.474364    637.5082    ]
 [  84.           57.218643      7.4477057   645.0628    ]
 [  85.           56.897293      7.6508117   652.5713    ]
 [  86.           56.823692      6.726672    660.16113   ]
 [  87.           56.6316        6.9399366   667.7993    ]
 [  88.           56.908962      6.923434    675.43463   ]
 [  89.           57.09118       7.539104    683.2781    ]
 [  90.           57.045403      7.3626537   690.82355   ]
 [  91.           57.480747      7.889464    698.3688    ]
 [  92.           57.487926      8.039256    705.8594    ]
 [  93.           57.549866      7.6622376   713.51624   ]
 [  94.           57.41971       7.8996224   721.14734   ]
 [  95.           57.41971       8.092572    729.2892    ]
 [  96.           57.399063      8.527987    736.89453   ]
 [  97.           57.586662      8.166198    744.44934   ]
 [  98.           57.909805      8.290602    752.0068    ]
 [  99.           57.41163       8.888502    759.66077   ]
 [ 100.           57.97623       8.079879    767.2592    ]
 [ 101.           56.9332        8.333763    775.3445    ]
 [ 102.           58.100998      8.088766    782.9158    ]
 [ 103.           57.35598       9.162698    790.4701    ]
 [ 104.           58.26347       7.9173927   798.1113    ]
 [ 105.           57.76529       8.223324    805.73157   ]
 [ 106.           57.794014      7.7104754   813.3699    ]
 [ 107.           58.151268      8.332493    821.53577   ]
 [ 108.           58.317326      8.40485     829.0242    ]
 [ 109.           58.698814      8.591454    836.6553    ]
 [ 110.           58.13511       8.609229    844.3467    ]
 [ 111.           58.40798       8.611765    851.9153    ]
 [ 112.           58.18358       7.9440513   859.55023   ]
 [ 113.           64.63835       1.6210527   867.7218    ]
 [ 114.           64.61412       0.19549124  875.2583    ]
 [ 115.           63.998352      0.07616644  882.87604   ]
 [ 116.           64.34663       0.1929503   890.5255    ]
 [ 117.           65.455185      1.4230232   898.1013    ]
 [ 118.           64.755035      0.6639106   905.70605   ]
 [ 119.           65.42018       1.5842414   913.7106    ]
 [ 120.           65.55571       1.5499629   921.1678    ]
 [ 121.           64.203         2.048852    928.7439    ]
 [ 122.           65.41569       0.88732535  936.3817    ]
 [ 123.           65.65445       1.2046851   943.96643   ]
 [ 124.           65.55392       1.626132    951.6062    ]
 [ 125.           65.511734      1.3176628   959.39404   ]
 [ 126.           65.274765      1.7137165   966.9293    ]
 [ 127.           65.090744      1.1386744   974.5498    ]
 [ 128.           65.370804      1.7835413   982.1917    ]
 [ 129.           65.50276       1.1018603   989.8508    ]
 [ 130.           67.75128       4.2106767   998.07733   ]
 [ 131.           68.74495       2.6835606  1005.67163   ]
 [ 132.           68.37244       3.0326526  1013.1979    ]
 [ 133.           68.49541       2.1351688  1020.80786   ]
 [ 134.           69.12015       2.8333526  1028.3953    ]
 [ 135.           68.980125      3.2344935  1035.9626    ]
 [ 136.           69.39752       2.9590244  1044.0312    ]
 [ 137.           69.38136       2.9844122  1051.5243    ]
 [ 138.           69.210815      2.651823   1059.1289    ]
 [ 139.           69.3293        2.854937   1066.5791    ]
 [ 140.           68.92268       2.3992116  1074.116     ]
 [ 141.           69.012436      2.4906104  1081.8143    ]
 [ 142.           69.193756      2.6505554  1089.7456    ]
 [ 143.           68.81856       2.7114894  1097.3479    ]
 [ 144.           69.09862       2.6734076  1104.9248    ]
 [ 145.           68.94961       2.564233   1112.5137    ]
 [ 146.           69.54562       2.1148574  1120.0801    ]
 [ 147.           69.46933       1.8190823  1127.7384    ]
 [ 148.           69.52768       1.6350172  1135.7344    ]
 [ 149.           69.350845      1.6972193  1143.303     ]
 [ 150.           69.481895      2.1491358  1150.8927    ]
 [ 151.           69.18838       2.2468789  1158.5148    ]
 [ 152.           69.50433       2.1504037  1166.0995    ]
 [ 153.           69.73233       1.7416453  1173.7       ]
 [ 154.           70.214355      1.9409453  1181.8347    ]
 [ 155.           69.82927       2.462676   1189.4742    ]
 [ 156.           69.693726      2.3547802  1197.0615    ]
 [ 157.           69.28801       2.034885   1204.6476    ]
 [ 158.           69.87415       1.5791649  1212.2937    ]
 [ 159.           69.90198       1.1665978  1220.1168    ]
 [ 160.           69.70001       1.1323301  1227.7136    ]
 [ 161.           69.60936       1.2833843  1235.2764    ]
 [ 162.           69.65604       1.4433293  1242.9077    ]
 [ 163.           72.45122       1.8013119  1250.513     ]
 [ 164.           73.18277       2.1732562  1258.0854    ]
 [ 165.           72.892845      2.81685    1266.3074    ]
 [ 166.           73.01582       2.9831445  1273.9385    ]
 [ 167.           73.68005       4.120546   1281.458     ]
 [ 168.           73.64325       4.495031   1289.0259    ]
 [ 169.           73.33447       2.915866   1296.6046    ]
 [ 170.           74.224014      3.9758303  1304.2241    ]
 [ 171.           73.29048       2.9679096  1312.2887    ]
 [ 172.           74.17913       4.2017913  1319.9465    ]
 [ 173.           73.82367       2.2443378  1327.4786    ]
 [ 174.           75.062386      3.1684828  1335.0205    ]
 [ 175.           75.11624       3.2471821  1342.5981    ]
 [ 176.           74.87657       3.685137   1350.1885    ]
 [ 177.           75.1324        3.115166   1358.2717    ]
 [ 178.           75.38463       3.0707345  1365.7927    ]
 [ 179.           75.18895       3.2941544  1373.2885    ]
 [ 180.           74.846954      3.1050076  1380.8655    ]
 [ 181.           75.332565      3.2459142  1388.3871    ]
 [ 182.           74.31915       2.5185337  1396.1785    ]
 [ 183.           75.18626       3.4147444  1404.1072    ]
 [ 184.           74.543564      2.4601405  1411.6394    ]
 [ 185.           75.48427       3.892049   1419.1477    ]
 [ 186.           74.04449       3.968218   1426.744     ]
 [ 187.           74.80118       3.8628578  1434.3684    ]
 [ 188.           75.11804       3.8336558  1442.6538    ]
 [ 189.           74.881065      3.1938705  1450.1786    ]
 [ 190.           75.432205      4.059617   1457.694     ]
 [ 191.           75.26434       3.6140444  1465.2876    ]
 [ 192.           75.053406      3.409668   1472.9288    ]
 [ 193.           74.427765      3.8222296  1480.5314    ]
 [ 194.           74.77694       4.102775   1488.5012    ]
 [ 195.           74.53818       3.0186908  1496.0559    ]
 [ 196.           74.90171       4.200518   1503.6257    ]
 [ 197.           74.81824       4.041841   1511.259     ]
 [ 198.           74.62076       3.2624168  1518.8232    ]
 [ 199.           75.071365      3.7803445  1526.5359    ]
 [ 200.           75.23114       3.9631417  1534.5684    ]
 [ 201.           75.0193        4.1713266  1542.1274    ]
 [ 202.           75.31911       3.8895135  1549.6904    ]
 [ 203.           75.596466      3.0910459  1557.2833    ]
 [ 204.           75.76701       3.1316686  1564.8708    ]
 [ 205.           75.64404       3.0212264  1572.7546    ]
 [ 206.           75.27063       3.2624168  1580.4911    ]
 [ 207.           75.23204       3.2687666  1587.9935    ]
 [ 208.           75.32898       3.4769518  1595.5928    ]
 [ 209.           75.31372       3.3893619  1603.1995    ]
 [ 210.           74.67192       3.0580404  1610.8121    ]
 [ 211.           75.2455        3.2065592  1618.676     ]
 [ 212.           75.22934       3.2573404  1626.5354    ]
 [ 213.           75.37745       3.030117   1634.0786    ]
 [ 214.           75.571335      3.3703182  1641.6575    ]
 [ 215.           75.2832        2.8815928  1649.1422    ]
 [ 216.           74.50766       2.3712828  1656.7126    ]
 [ 217.           75.381935      3.346198   1664.7212    ]
 [ 218.           75.05969       2.9539478  1672.3107    ]
 [ 219.           75.02289       2.6734023  1679.8318    ]
 [ 220.           74.82541       2.965374   1687.3984    ]
 [ 221.           75.04174       2.4360204  1694.9557    ]
 [ 222.           75.44118       3.3233511  1702.6277    ]
 [ 223.           75.61711       3.336045   1711.0842    ]
 [ 224.           75.61801       3.446482   1718.5906    ]
 [ 225.           75.36937       3.0466142  1726.0891    ]
 [ 226.           75.309235      3.4515638  1733.6775    ]
 [ 227.           74.96634       3.075811   1741.2805    ]
 [ 228.           75.29397       3.4198263  1749.2094    ]
 [ 229.           75.12253       2.7838445  1757.0488    ]
 [ 230.           75.22127       2.311622   1764.6111    ]
 [ 231.           75.743675      2.941254   1772.1848    ]
 [ 232.           75.45195       2.8257406  1779.7336    ]
 [ 233.           75.693405      3.311925   1787.2931    ]
 [ 234.           74.74642       2.7952707  1795.2032    ]
 [ 235.           74.96814       3.4515638  1803.0742    ]
 [ 236.           74.42059       2.5045722  1810.5942    ]
 [ 237.           75.51927       3.6470551  1818.1622    ]
 [ 238.           74.71141       3.644514   1825.6958    ]
 [ 239.           75.64046       3.5899296  1833.3711    ]
 [ 240.           75.191635      2.7749593  1841.5293    ]
 [ 241.           75.91422       3.921251   1849.041     ]
 [ 242.           75.61891       3.7397215  1856.5928    ]
 [ 243.           75.381935      3.2040236  1864.1594    ]
 [ 244.           75.37117       3.5848477  1871.7556    ]
 [ 245.           75.60814       3.369045   1879.447     ]
 [ 246.           75.695206      3.5251868  1887.7075    ]
 [ 247.           74.783226      2.4030151  1895.1917    ]
 [ 248.           75.21498       3.399515   1902.8655    ]
 [ 249.           75.57762       3.9555242  1910.3975    ]
 [ 250.           75.18805       3.275111   1918.0248    ]
 [ 251.           75.431305      4.0354967  1925.7876    ]
 [ 252.           75.248184      3.5277276  1933.7217    ]
 [ 253.           74.86311       4.308425   1941.3829    ]
 [ 254.           75.60634       3.4553726  1948.9762    ]
 [ 255.           75.67366       3.1595922  1956.4878    ]
 [ 256.           75.6216        3.6394322  1964.0348    ]
 [ 257.           75.809204      3.5467658  1972.3203    ]
 [ 258.           75.47708       3.4629848  1979.904     ]
 [ 259.           75.64045       3.1557834  1987.4945    ]
 [ 260.           75.82177       2.972986   1995.1045    ]
 [ 261.           75.011215      2.2989225  2002.6176    ]
 [ 262.           75.16651       3.6533995  2010.1724    ]
 [ 263.           75.3963        3.518837   2018.2766    ]
 [ 264.           75.92589       3.5670774  2025.8396    ]
 [ 265.           75.74906       3.4414055  2033.3928    ]
 [ 266.           75.654816      3.3335042  2040.9775    ]
 [ 267.           75.52107       3.8857048  2048.5835    ]
 [ 268.           74.97621       3.5289955  2056.3965    ]
 [ 269.           75.53633       3.6457875  2064.2383    ]
 [ 270.           74.60729       3.6648257  2071.7444    ]
 [ 271.           75.71944       3.1532423  2079.3062    ]
 [ 272.           75.09201       2.918407   2086.9014    ]
 [ 273.           75.6216        3.0605814  2094.5674    ]
 [ 274.           75.76521       3.1113572  2102.729     ]
 [ 275.           75.64853       3.179909   2110.2896    ]
 [ 276.           75.35142       3.2751162  2117.7886    ]
 [ 277.           75.74996       3.6127765  2125.3862    ]
 [ 278.           74.95826       2.7622654  2132.918     ]
 [ 279.           75.66558       4.2017913  2140.5667    ]
 [ 280.           74.56241       3.7409894  2148.8438    ]
 [ 281.           75.00494       4.9761386  2156.4053    ]
 [ 282.           75.05072       4.6092763  2163.9336    ]
 [ 283.           74.78861       3.857776   2171.5527    ]
 [ 284.           75.1315        4.413785   2179.1028    ]
 [ 285.           74.60639       3.7041752  2187.5974    ]
 [ 286.           74.626144      3.760033   2195.3335    ]
 [ 287.           74.652176      4.106584   2202.8025    ]
 [ 288.           74.808365      3.6775196  2210.3003    ]
 [ 289.           75.19702       3.7828798  2217.8652    ]
 [ 290.           75.31641       3.5277276  2225.7266    ]
 [ 291.           75.610825      4.020262   2234.0776    ]
 [ 292.           75.027374      3.2332203  2241.5308    ]
 [ 293.           75.44118       3.7371807  2249.0867    ]
 [ 294.           75.538124      3.7524154  2256.5547    ]
 [ 295.           75.416046      4.06977    2264.2075    ]
 [ 296.           75.456436      3.022494   2272.126     ]
 [ 297.           76.06143       3.883164   2280.3188    ]
 [ 298.           74.978905      2.4436378  2287.8418    ]
 [ 299.           75.77509       3.6940222  2295.3047    ]
 [ 300.           74.98519       2.3484304  2302.802     ]
 [ 301.           75.898964      3.6229296  2310.8623    ]
 [ 302.           75.69251       3.2141767  2318.4395    ]
 [ 303.           75.48247       3.498531   2326.3071    ]
 [ 304.           75.53453       3.9631362  2333.8215    ]
 [ 305.           75.293976      3.4401376  2341.5493    ]
 [ 306.           75.95013       4.121819   2349.5527    ]
 [ 307.           75.9977        2.9450626  2357.1116    ]
 [ 308.           75.876526      2.887937   2365.1538    ]
 [ 309.           75.604546      3.4553673  2372.6714    ]
 [ 310.           75.54171       3.1202424  2380.2114    ]
 [ 311.           75.82805       3.2382967  2388.1567    ]
 [ 312.           75.696106      3.1380184  2395.6877    ]
 [ 313.           75.874725      3.4210942  2403.3796    ]
 [ 314.           75.61531       3.264958   2411.218     ]
 [ 315.           75.51747       2.5731184  2418.7085    ]
 [ 316.           75.51209       3.139286   2427.0635    ]
 [ 317.           75.48606       3.8260436  2434.5469    ]
 [ 318.           75.36668       3.5353396  2442.075     ]
 [ 319.           75.06328       2.8193908  2450.126     ]
 [ 320.           75.061485      2.9437895  2457.6846    ]
 [ 321.           75.28859       3.23957    2465.8042    ]
 [ 322.           75.14766       2.626435   2473.29      ]
 [ 323.           75.66469       3.1392808  2480.8145    ]
 [ 324.           74.839775      2.2087915  2488.326     ]
 [ 325.           75.24101       2.903172   2496.5552    ]
 [ 326.           75.416046      3.2192585  2504.772     ]
 [ 327.           74.6423        3.4147499  2512.2412    ]
 [ 328.           74.68898       2.4449058  2519.762     ]
 [ 329.           74.55882       2.0729668  2527.249     ]
 [ 330.           74.928635      2.3217747  2534.7617    ]
 [ 331.           75.80651       3.8222349  2543.5479    ]
 [ 332.           75.488754      3.1824446  2551.0225    ]
 [ 333.           75.81189       3.1519802  2558.5374    ]
 [ 334.           75.111755      2.382709   2566.1099    ]
 [ 335.           75.185356      3.558192   2573.7017    ]
 [ 336.           75.45015       3.38428    2581.501     ]
 [ 337.           75.45105       3.4896405  2589.8987    ]
 [ 338.           75.27782       3.8285847  2597.4258    ]
 [ 339.           75.19613       4.4417086  2605.0088    ]
 [ 340.           74.69436       4.7273307  2612.5278    ]
 [ 341.           75.16112       5.0878487  2620.3877    ]
 [ 342.           75.645836      3.8082733  2628.3386    ]
 [ 343.           75.71675       3.8628523  2636.0713    ]
 [ 344.           75.90166       3.4794927  2643.5757    ]
 [ 345.           75.55249       3.4502907  2651.165     ]
 [ 346.           75.35142       3.785421   2659.012     ]
 [ 347.           75.2814        3.6432464  2666.586     ]
 [ 348.           75.34244       3.742257   2674.6099    ]
 [ 349.           75.25537       3.69529    2682.1316    ]
 [ 350.           75.63596       3.6343558  2689.625     ]
 [ 351.           74.78771       2.744495   2697.6023    ]
 [ 352.           75.93487       3.810809   2705.183     ]
 [ 353.           75.31551       3.5289955  2712.7512    ]
 [ 354.           75.52556       3.4909136  2720.776     ]
 [ 355.           75.308334      2.8917458  2728.42      ]
 [ 356.           75.194336      2.682293   2736.0005    ]
 [ 357.           75.68533       3.7752626  2744.3362    ]
 [ 358.           75.554276      3.23957    2751.98      ]
 [ 359.           75.37117       3.2827284  2759.977     ]
 [ 360.           75.42143       4.130704   2767.5176    ]
 [ 361.           75.44298       3.099931   2775.1575    ]
 [ 362.           75.430405      2.6886373  2782.8657    ]
 [ 363.           75.18985       2.856205   2790.6562    ]
 [ 364.           75.03815       3.1164336  2798.174     ]
 [ 365.           75.35321       2.84097    2806.3135    ]
 [ 366.           75.18446       3.1913297  2813.9634    ]
 [ 367.           74.72937       3.2205262  2821.52      ]
 [ 368.           76.1485        3.3182693  2829.6702    ]
 [ 369.           76.5614        2.9679096  2837.1448    ]
 [ 370.           75.917816      2.0044205  2844.692     ]
 [ 371.           76.33251       2.7076807  2852.8325    ]
 [ 372.           75.46631       1.6451702  2860.3213    ]
 [ 373.           75.74278       2.8206532  2868.2234    ]
 [ 374.           75.430405      3.089778   2875.8335    ]
 [ 375.           76.155685      2.2621138  2883.392     ]
 [ 376.           75.78946       1.6908749  2890.9678    ]
 [ 377.           75.793045      2.4271405  2898.738     ]
 [ 378.           75.22216       2.0488467  2906.2688    ]
 [ 379.           75.63327       2.8231943  2914.3945    ]
 [ 380.           75.83972       2.1250105  2921.9602    ]
 [ 381.           75.892685      1.5728152  2929.5662    ]
 [ 382.           75.58031       1.0574287  2937.6675    ]
 [ 383.           75.52645       1.8419346  2945.1147    ]
 [ 384.           75.18985       2.1808734  2953.1846    ]
 [ 385.           75.397194      2.5350366  2960.6711    ]
 [ 386.           75.65661       2.455064   2968.1511    ]
 [ 387.           75.75714       2.2900372  2975.8557    ]
 [ 388.           75.79035       1.8114648  2983.412     ]
 [ 389.           75.72124       1.4293729  2991.274     ]
 [ 390.           75.89717       2.1656387  2998.901     ]
 [ 391.           75.644936      1.4179468  3006.4473    ]
 [ 392.           76.53717       2.060273   3013.9663    ]
 [ 393.           75.889084      1.0904341  3021.6729    ]
 [ 394.           76.130554      1.8838252  3029.2007    ]
 [ 395.           76.32982       2.2291083  3037.23      ]
 [ 396.           75.60006       2.4411023  3044.7144    ]
 [ 397.           75.92769       3.0491552  3052.23      ]
 [ 398.           76.32085       2.3814359  3060.206     ]
 [ 399.           75.91872       2.0006118  3067.7048    ]
 [ 400.           76.35585       2.430944   3075.9336    ]
 [ 401.           76.22749       2.279884   3083.4473    ]
 [ 402.           76.32085       2.358589   3090.954     ]
 [ 403.           76.48421       2.4017472  3098.5586    ]
 [ 404.           76.16825       2.2875016  3106.258     ]
 [ 405.           75.99681       1.2072206  3113.7993    ]
 [ 406.           76.57846       2.527419   3121.9512    ]
 [ 407.           76.4501        2.7419538  3129.4683    ]
 [ 408.           76.524605      1.8520876  3136.9497    ]
 [ 409.           76.20236       2.2113326  3144.9268    ]
 [ 410.           76.278656      1.5575857  3152.4253    ]
 [ 411.           75.82805       1.8266997  3160.1436    ]
 [ 412.           76.4887        2.1999118  3167.937     ]
 [ 413.           76.44741       1.4687226  3175.4165    ]
 [ 414.           76.62065       1.5842414  3183.044     ]
 [ 415.           76.235565      1.5804327  3191.1006    ]
 [ 416.           75.82626       1.0142703  3198.651     ]
 [ 417.           75.81818       1.525848   3206.4688    ]
 [ 418.           76.531784      1.7327656  3213.9478    ]
 [ 419.           77.09818       1.957448   3221.5425    ]
 [ 420.           76.44292       1.2414992  3229.0825    ]
 [ 421.           76.69246       2.0767756  3236.9734    ]
 [ 422.           76.52012       1.7137219  3244.7043    ]
 [ 423.           75.90256       0.87844014 3252.4336    ]
 [ 424.           76.213135      1.3836737  3259.9277    ]
 [ 425.           76.73465       2.4842608  3267.5024    ]
 [ 426.           76.48869       1.4737991  3275.5771    ]
 [ 427.           76.30827       1.3684387  3283.1606    ]
 [ 428.           76.08298       1.0421991  3291.233     ]
 [ 429.           75.73201       0.40367645 3298.7368    ]
 [ 430.           76.66553       2.0031474  3306.2473    ]
 [ 431.           76.42407       1.5982031  3313.7563    ]
 [ 432.           76.29751       1.4065206  3321.559     ]
 [ 433.           76.253525      1.7683064  3329.4644    ]
 [ 434.           76.24365       2.2138734  3337.0938    ]
 [ 435.           75.595566      1.2846575  3344.5923    ]
 [ 436.           76.02014       2.5680418  3352.1572    ]
 [ 437.           76.59641       2.626435   3359.894     ]
 [ 438.           76.65297       2.1757915  3367.501     ]
 [ 439.           77.06228       2.3128896  3375.499     ]
 [ 440.           76.20505       0.8060851  3382.9995    ]
 [ 441.           76.811844      1.7581481  3390.4766    ]
 [ 442.           76.293015      1.9561802  3397.9302    ]
 [ 443.           76.82172       2.7825768  3405.857     ]
 [ 444.           76.10092       2.1973708  3413.9849    ]
 [ 445.           75.65571       2.4614084  3421.51      ]
 [ 446.           75.74817       3.6178532  3428.9644    ]
 [ 447.           76.15209       2.9577513  3436.4824    ]
 [ 448.           75.91872       1.8736722  3444.3423    ]
 [ 449.           76.13324       1.8520876  3452.028     ]
 [ 450.           76.599106      2.0209231  3459.9575    ]
 [ 451.           76.5641        2.4334848  3467.4968    ]
 [ 452.           75.505806      1.9549124  3475.0552    ]
 [ 453.           76.154785      2.8092325  3482.705     ]
 [ 454.           76.50217       1.82035    3490.482     ]
 [ 455.           76.0022        1.3392421  3498.7368    ]
 [ 456.           76.606285      1.9980708  3506.2803    ]
 [ 457.           75.9232        1.5296568  3513.8032    ]
 [ 458.           76.828         2.5223424  3521.2695    ]
 [ 459.           76.69336       2.5705829  3528.748     ]
 [ 460.           76.796585      0.9063636  3536.9707    ]
 [ 461.           76.88365       0.90256023 3544.6162    ]
 [ 462.           77.158325      1.4077884  3552.1826    ]
 [ 463.           76.269684      0.4074852  3559.6738    ]
 [ 464.           76.853134      1.5372742  3567.288     ]
 [ 465.           75.595566      1.1907233  3574.939     ]
 [ 466.           76.72298       1.5664655  3583.3325    ]
 [ 467.           77.47159       1.4674548  3590.915     ]
 [ 468.           77.03265       0.719763   3598.4875    ]
 [ 469.           77.100876      0.22468789 3606.0024    ]
 [ 470.           76.84954       0.6766046  3613.6025    ]
 [ 471.           77.40786       0.42017913 3621.5332    ]
 [ 472.           77.22115       0.05458455 3629.7715    ]
 [ 473.           77.04433       0.16248588 3637.272     ]
 [ 474.           76.86749       0.6740636  3644.8647    ]
 [ 475.           77.32617       0.6042442  3652.3506    ]
 [ 476.           77.52724       0.9114455  3659.9321    ]
 [ 477.           77.4321        0.73880124 3668.0078    ]
 [ 478.           77.53801       0.4417637  3675.6875    ]
 [ 479.           77.79294       1.2821165  3683.149     ]
 [ 480.           77.82615       1.3671709  3690.6511    ]
 [ 481.           77.76242       0.72611266 3698.1372    ]
 [ 482.           77.53262       0.6626375  3706.279     ]
 [ 483.           77.783066      0.78323275 3714.479     ]
 [ 484.           77.478775      1.0739368  3722.0618    ]
 [ 485.           76.99226       1.1348656  3729.4932    ]
 [ 486.           76.43753       0.36558917 3737.0283    ]
 [ 487.           77.396194      0.7032603  3744.955     ]
 [ 488.           77.35849       0.28688988 3752.5186    ]
 [ 489.           77.748055      0.64994353 3760.5151    ]
 [ 490.           77.700485      1.1132864  3768.0503    ]
 [ 491.           76.88455       0.6296321  3775.5557    ]
 [ 492.           77.18884       0.02919664 3783.182     ]
 [ 493.           76.876465      0.0418906  3791.166     ]
 [ 494.           77.257065      0.63852274 3798.7031    ]
 [ 495.           77.58918       1.1539038  3806.5515    ]
 [ 496.           77.26244       0.8365495  3814.0698    ]
 [ 497.           77.66458       0.9279482  3821.5542    ]
 [ 498.           77.78665       1.0853575  3829.163     ]
 [ 499.           77.887184      0.8949428  3836.7007    ]
 [ 500.           77.599945      0.6740636  3844.364     ]]
Best Result: Epoch   Acc  Std.
                499 77.89  0.89
--------------- Train Done! ----------------
